make all --print-data-base --no-builtin-variables --no-builtin-rules --question
# GNU Make 4.3
 
# Built for x86_64-redhat-linux-gnu
# Copyright (C) 1988-2020 Free Software Foundation, Inc.
# License GPLv3+: GNU GPL version 3 or later <http://gnu.org/licenses/gpl.html>
# This is free software: you are free to change and redistribute it.
# There is NO WARRANTY, to the extent permitted by law.

# Make data base, printed on Fri Aug 26 19:29:14 2022

# Variables

# environment
GDK_BACKEND = x11
# makefile (from 'Makefile', line 75)
AS = $(PREFIX)gcc -x assembler-with-cpp
# makefile (from 'Makefile', line 141)
LIBDIR = 
# environment
LC_ALL = C
# environment
NO_AT_BRIDGE = 1
# environment
LMOD_SETTARG_FULL_SUPPORT = no
# environment
VSCODE_CWD = /home/exebena
# environment
WINDOWPATH = 2
# makefile (from 'Makefile', line 140)
LIBS = -lc -lm -lnosys 
# makefile (from 'Makefile', line 111)
C_INCLUDES = -ICore/Inc -IDrivers/STM32F1xx_HAL_Driver/Inc -IDrivers/STM32F1xx_HAL_Driver/Inc/Legacy -IDrivers/CMSIS/Device/ST/STM32F1xx/Include -IDrivers/CMSIS/Include
# makefile (from 'Makefile', line 77)
SZ = $(PREFIX)size
# environment
GDM_LANG = es_AR.UTF-8
# default
MAKE_COMMAND := make
# environment
LMOD_ROOT = /usr/share/lmod
# automatic
@D = $(patsubst %/,%,$(dir $@))
# makefile (from 'Makefile', line 102)
C_DEFS = -DUSE_HAL_DRIVER -DSTM32F103xB
# environment
VSCODE_HANDLES_UNCAUGHT_ERRORS = true
# default
.VARIABLES := 
# environment
PWD = /home/exebena/Documentos/Tecnicatura_robotica/Clases_Practicas/clase
# automatic
%D = $(patsubst %/,%,$(dir $%))
# environment
HOSTNAME = exequielbenavidez
# environment
MAIL = /var/spool/mail/exebena
# environment
XDG_DATA_DIRS = /home/exebena/.local/share/flatpak/exports/share:/var/lib/flatpak/exports/share:/usr/local/share/:/usr/share/
# automatic
^D = $(patsubst %/,%,$(dir $^))
# automatic
%F = $(notdir $%)
# environment
VSCODE_CODE_CACHE_PATH = /home/exebena/.config/Code/CachedData/3b889b090b5ad5793f524b5d1d39fda662b96a2a
# makefile (from 'Makefile', line 99)
AS_DEFS = 
# environment
LANG = C
# environment
XAUTHORITY = /run/user/1000/gdm/Xauthority
# default
.LOADED := 
# default
.INCLUDE_DIRS = /usr/include /usr/local/include /usr/include
# environment
LMOD_CMD = /usr/share/lmod/lmod/libexec/lmod
# makefile
MAKEFLAGS = pqrR
# makefile
CURDIR := /home/exebena/Documentos/Tecnicatura_robotica/Clases_Practicas/clase
# environment
define BASH_FUNC_module%%
() {  eval $($LMOD_CMD bash "$@") && eval $(${LMOD_SETTARG_CMD:-:} -s sh)
}
endef
# makefile (from 'Makefile', line 79)
HEX = $(CP) -O ihex
# environment
APPLICATION_INSIGHTS_NO_DIAGNOSTIC_CHANNEL = true
# environment
LMOD_DIR = /usr/share/lmod/lmod/libexec
# environment
LESSOPEN = ||/usr/bin/lesspipe.sh %s
# makefile (from 'Makefile', line 137)
LDSCRIPT = STM32F103C8Tx_FLASH.ld
# automatic
*D = $(patsubst %/,%,$(dir $*))
# environment
MFLAGS = -pqrR
# environment
SSH_AUTH_SOCK = /run/user/1000/keyring/ssh
# default
.SHELLFLAGS := -c
# environment
HISTSIZE = 1000
# automatic
+D = $(patsubst %/,%,$(dir $+))
# environment
XDG_SESSION_DESKTOP = gnome-xorg
# makefile (from 'Makefile', line 1)
MAKEFILE_LIST := Makefile
# makefile (from 'Makefile', line 120)
ASFLAGS = $(MCU) $(AS_DEFS) $(AS_INCLUDES) $(OPT) -Wall -fdata-sections -ffunction-sections
# automatic
@F = $(notdir $@)
# environment
VSCODE_PID = 33552
# environment
XDG_SESSION_TYPE = x11
# automatic
?D = $(patsubst %/,%,$(dir $?))
# makefile (from 'Makefile', line 108)
AS_INCLUDES = 
# makefile (from 'Makefile', line 76)
CP = $(PREFIX)objcopy
# environment
ACADOS_SOURCE_DIR = /home/exebena/git/acados
# environment
SESSION_MANAGER = local/unix:@/tmp/.ICE-unix/2581,unix/unix:/tmp/.ICE-unix/2581
# automatic
*F = $(notdir $*)
# environment
MANPATH = /usr/share/lmod/lmod/share/man:
# environment
MODULEPATH = /etc/modulefiles:/usr/share/modulefiles:/usr/share/modulefiles/Linux:/usr/share/modulefiles/Core:/usr/share/lmod/lmod/modulefiles/Core
# environment
CHROME_DESKTOP = code-url-handler.desktop
# environment
DBUS_SESSION_BUS_ADDRESS = unix:path=/run/user/1000/bus
# automatic
<D = $(patsubst %/,%,$(dir $<))
# environment
VSCODE_NLS_CONFIG = {"locale":"es-419","availableLanguages":{},"_languagePackSupport":true}
# environment
define BASH_FUNC_ml%%
() {  eval $($LMOD_DIR/ml_cmd "$@")
}
endef
# default
MAKE_HOST := x86_64-redhat-linux-gnu
# makefile
SHELL = /bin/sh
# default
MAKECMDGOALS := all
# environment
XMODIFIERS = @im=ibus
# environment
PLATFORMIO_CALLER = vscode
# environment
LD_LIBRARY_PATH = :/home/exebena/git/acados/lib:/home/exebena/git/acados/lib
# environment
SHLVL = 0
# environment
MAKELEVEL := 0
# default
MAKE = $(MAKE_COMMAND)
# environment
PATH = /usr/local/bin:/usr/local/sbin:/usr/bin:/usr/sbin:/home/exebena/.cargo/bin
# environment
MOZ_GMP_PATH = /usr/lib64/mozilla/plugins/gmp-gmpopenh264/system-installed
# default
MAKEFILES := 
# environment
MODULESHOME = /usr/share/lmod/lmod
# automatic
^F = $(notdir $^)
# environment
LMOD_sys = Linux
# makefile (from 'Makefile', line 65)
PREFIX = arm-none-eabi-
# environment
INVOCATION_ID = 09456afc0ae14b84b8704fd6aef17f8d
# environment
USERNAME = exebena
# makefile (from 'Makefile', line 86)
CPU = -mcpu=cortex-m3
# automatic
?F = $(notdir $?)
# environment
NO_PROXY = 127.0.0.1
# environment
XDG_CURRENT_DESKTOP = GNOME
# environment
KDEDIRS = /usr
# automatic
+F = $(notdir $+)
# environment
DESKTOP_SESSION = gnome-xorg
# environment
ORIGINAL_XDG_CURRENT_DESKTOP = GNOME
# makefile (from 'Makefile', line 155)
OBJECTS = $(addprefix $(BUILD_DIR)/,$(notdir $(C_SOURCES:.c=.o))) $(addprefix $(BUILD_DIR)/,$(notdir $(ASM_SOURCES:.s=.o)))
# 'override' directive
GNUMAKEFLAGS := 
# environment
LOGNAME = exebena
# makefile (from 'Makefile', line 25)
OPT = -Og
# environment
GIO_LAUNCHED_DESKTOP_FILE = /usr/share/applications/code.desktop
# environment
PLATFORMIO_PATH = /home/exebena/.platformio/penv/bin:/home/exebena/.platformio/penv:/home/exebena/.platformio/python3/bin:/usr/local/bin:/usr/local/sbin:/usr/bin:/usr/sbin:/home/exebena/.cargo/bin
# environment
BASH_ENV = /usr/share/lmod/lmod/init/bash
# makefile
.DEFAULT_GOAL := all
# environment
MODULEPATH_ROOT = /usr/share/modulefiles
# environment
HISTCONTROL = ignoredups
# environment
EDITOR = /usr/bin/nano
# environment
DISPLAY = :0
# environment
USER = exebena
# default
MAKE_VERSION := 4.3
# makefile (from 'Makefile', line 142)
LDFLAGS = $(MCU) -specs=nano.specs -T$(LDSCRIPT) $(LIBDIR) $(LIBS) -Wl,-Map=$(BUILD_DIR)/$(TARGET).map,--cref -Wl,--gc-sections
# environment
MANAGERPID = 2376
# makefile (from 'Makefile', line 95)
MCU = $(CPU) -mthumb $(FPU) $(FLOAT-ABI)
# environment
GIO_LAUNCHED_DESKTOP_FILE_PID = 33552
# environment
SSH_AGENT_PID = 2526
# environment
_ = /usr/bin/make
# makefile (from 'Makefile', line 80)
BIN = $(CP) -O binary -S
# environment
XDG_RUNTIME_DIR = /run/user/1000
# makefile (from 'Makefile', line 130)
CFLAGS = $(MCU) $(C_DEFS) $(C_INCLUDES) $(OPT) -Wall -fdata-sections -ffunction-sections -g -gdwarf-2 -MMD -MP -MF"$(@:%.o=%.d)"
# environment
JOURNAL_STREAM = 8:431324
# environment
XDG_SESSION_CLASS = user
# environment
VSCODE_AMD_ENTRYPOINT = vs/workbench/api/node/extensionHostProcess
# makefile (from 'Makefile', line 32)
BUILD_DIR = build
# environment
PLATFORMIO_IDE = 2.5.2
# environment
HOME = /home/exebena
# environment
QT_IM_MODULE = ibus
# environment
ELECTRON_RUN_AS_NODE = 1
# environment
VSCODE_IPC_HOOK = /run/user/1000/vscode-04e89c9f-1.69.2-main.sock
# default
.RECIPEPREFIX := 
# automatic
<F = $(notdir $<)
# makefile (from 'Makefile', line 38)
C_SOURCES = Core/Src/main.c Core/Src/stm32f1xx_it.c Core/Src/stm32f1xx_hal_msp.c Drivers/STM32F1xx_HAL_Driver/Src/stm32f1xx_hal_gpio_ex.c Drivers/STM32F1xx_HAL_Driver/Src/stm32f1xx_hal_tim.c Drivers/STM32F1xx_HAL_Driver/Src/stm32f1xx_hal_tim_ex.c Drivers/STM32F1xx_HAL_Driver/Src/stm32f1xx_hal.c Drivers/STM32F1xx_HAL_Driver/Src/stm32f1xx_hal_rcc.c Drivers/STM32F1xx_HAL_Driver/Src/stm32f1xx_hal_rcc_ex.c Drivers/STM32F1xx_HAL_Driver/Src/stm32f1xx_hal_gpio.c Drivers/STM32F1xx_HAL_Driver/Src/stm32f1xx_hal_dma.c Drivers/STM32F1xx_HAL_Driver/Src/stm32f1xx_hal_cortex.c Drivers/STM32F1xx_HAL_Driver/Src/stm32f1xx_hal_pwr.c Drivers/STM32F1xx_HAL_Driver/Src/stm32f1xx_hal_flash.c Drivers/STM32F1xx_HAL_Driver/Src/stm32f1xx_hal_flash_ex.c Drivers/STM32F1xx_HAL_Driver/Src/stm32f1xx_hal_exti.c Core/Src/system_stm32f1xx.c  
# default
SUFFIXES := 
# makefile (from 'Makefile', line 16)
TARGET = clase
# environment
LMOD_PKG = /usr/share/lmod/lmod
# makefile (from 'Makefile', line 58)
ASM_SOURCES = startup_stm32f103xb.s
# makefile (from 'Makefile', line 23)
DEBUG = 1
# default
.FEATURES := target-specific order-only second-expansion else-if shortest-stem undefine oneshell nocomment grouped-target extra-prereqs archives jobserver output-sync check-symlink guile load
# makefile (from 'Makefile', line 74)
CC = $(PREFIX)gcc
# environment
 
XDG_MENU_PREFIX = gnome-
# environment
LMOD_VERSION = 8.4.1
# environment
GDMSESSION = gnome-xorg
# variable set hash-table stats:
# Load=136/1024=13%, Rehash=0, Collisions=10/205=5%

# Pattern-specific Variable Values

# No pattern-specific variable values.

# Directories

# build: could not be stat'd.
# . (device 41, inode 14587482): 10 files, no impossibilities.
# Core/Src (device 41, inode 14587508): 5 files, no impossibilities so far.
# Drivers/STM32F1xx_HAL_Driver/Src (device 41, inode 14587577): No files, no impossibilities so far.

# 15 files, no impossibilities in 4 directories.

# Implicit Rules

build/%.o: %.c Makefile | build
#  recipe to execute (from 'Makefile', line 159):
	$(CC) -c $(CFLAGS) -Wa,-a,-ad,-alms=$(BUILD_DIR)/$(notdir $(<:.c=.lst)) $< -o $@

build/%.o: %.s Makefile | build
#  recipe to execute (from 'Makefile', line 162):
	$(AS) -c $(CFLAGS) $< -o $@

build/%.hex: build/%.elf | build
#  recipe to execute (from 'Makefile', line 169):
	$(HEX) $< $@
	

build/%.bin: build/%.elf | build
#  recipe to execute (from 'Makefile', line 172):
	$(BIN) $< $@	
	

# 4 implicit rules, 0 (0.0%) terminal.
# Files

# Not a target:
build/clase.hex:
#  Implicit rule search has not been done.
#  Modification time never checked.
#  File has not been updated.

# Not a target:
build/stm32f1xx_hal.o:
#  Implicit rule search has not been done.
#  Modification time never checked.
#  File has not been updated.

# Not a target:
build/stm32f1xx_hal_gpio.o:
#  Implicit rule search has not been done.
#  Modification time never checked.
#  File has not been updated.

# Not a target:
build/stm32f1xx_hal_pwr.o:
#  Implicit rule search has not been done.
#  Modification time never checked.
#  File has not been updated.

# Not a target:
build/stm32f1xx_hal_cortex.o:
#  Implicit rule search has not been done.
#  Modification time never checked.
#  File has not been updated.

# Not a target:
build/stm32f1xx_hal_msp.o:
#  Implicit rule search has not been done.
#  Modification time never checked.
#  File has not been updated.

# Not a target:
build/clase.bin:
#  Implicit rule search has not been done.
#  Modification time never checked.
#  File has not been updated.

# Not a target:
Makefile:
#  Implicit rule search has been done.
#  Last modified 2022-08-26 19:28:15.153365092
#  File has been updated.
#  Successfully updated.

# Not a target:
build/stm32f1xx_hal_tim.o:
#  Implicit rule search has not been done.
#  Modification time never checked.
#  File has not been updated.

# Not a target:
build/stm32f1xx_hal_tim_ex.o:
#  Implicit rule search has not been done.
#  Modification time never checked.
#  File has not been updated.

# Not a target:
build/stm32f1xx_hal_rcc_ex.o:
#  Implicit rule search has not been done.
#  Modification time never checked.
#  File has not been updated.

clean:
#  Implicit rule search has not been done.
#  Modification time never checked.
#  File has not been updated.
#  recipe to execute (from 'Makefile', line 181):
	-rm -fR $(BUILD_DIR)

# Not a target:
build/stm32f1xx_hal_exti.o:
#  Implicit rule search has not been done.
#  Modification time never checked.
#  File has not been updated.

# Not a target:
.DEFAULT:
#  Implicit rule search has not been done.
#  Modification time never checked.
#  File has not been updated.

build/clase.elf: build/main.o build/stm32f1xx_it.o build/stm32f1xx_hal_msp.o build/stm32f1xx_hal_gpio_ex.o build/stm32f1xx_hal_tim.o build/stm32f1xx_hal_tim_ex.o build/stm32f1xx_hal.o build/stm32f1xx_hal_rcc.o build/stm32f1xx_hal_rcc_ex.o build/stm32f1xx_hal_gpio.o build/stm32f1xx_hal_dma.o build/stm32f1xx_hal_cortex.o build/stm32f1xx_hal_pwr.o build/stm32f1xx_hal_flash.o build/stm32f1xx_hal_flash_ex.o build/stm32f1xx_hal_exti.o build/system_stm32f1xx.o build/startup_stm32f103xb.o Makefile
#  Implicit rule search has not been done.
#  File does not exist.
#  File has been updated.
#  Needs to be updated (-q is set).
# variable set hash-table stats:
# Load=0/32=0%, Rehash=0, Collisions=0/3=0%
#  recipe to execute (from 'Makefile', line 165):
	$(CC) $(OBJECTS) $(LDFLAGS) -o $@
	$(SZ) $@

# Not a target:
build/system_stm32f1xx.o:
#  Implicit rule search has not been done.
#  Modification time never checked.
#  File has not been updated.

all: build/clase.elf build/clase.hex build/clase.bin
#  Command line target.
#  Implicit rule search has been done.
#  File does not exist.
#  File has been updated.
#  Needs to be updated (-q is set).
# variable set hash-table stats:
# Load=0/32=0%, Rehash=0, Collisions=0/3=0%

build:
#  Implicit rule search has not been done.
#  Implicit/static pattern stem: ''
#  File does not exist.
#  File has been updated.
#  Needs to be updated (-q is set).
# automatic
# @ := build
# automatic
# * := 
# automatic
# < := 
# automatic
# + := 
# automatic
# % := 
# automatic
# ^ := 
# automatic
# ? := 
# automatic
# | := 
# variable set hash-table stats:
# Load=8/32=25%, Rehash=0, Collisions=1/12=8%
#  recipe to execute (from 'Makefile', line 175):
	mkdir $@		

# Not a target:
build/stm32f1xx_hal_rcc.o:
#  Implicit rule search has not been done.
#  Modification time never checked.
#  File has not been updated.

# Not a target:
Core/Src/main.c:
#  Implicit rule search has been done.
#  Last modified 2022-08-26 19:28:00.229
#  File has been updated.
#  Successfully updated.

# Not a target:
build/stm32f1xx_hal_flash_ex.o:
#  Implicit rule search has not been done.
#  Modification time never checked.
#  File has not been updated.

# Not a target:
build/stm32f1xx_hal_dma.o:
#  Implicit rule search has not been done.
#  Modification time never checked.
#  File has not been updated.

# Not a target:
build/stm32f1xx_hal_flash.o:
#  Implicit rule search has not been done.
#  Modification time never checked.
#  File has not been updated.

# Not a target:
.SUFFIXES:
#  Implicit rule search has not been done.
#  Modification time never checked.
#  File has not been updated.

build/main.o: Core/Src/main.c Makefile | build
#  Implicit rule search has been done.
#  Implicit/static pattern stem: 'main'
#  File does not exist.
#  File has been updated.
#  Needs to be updated (-q is set).
# variable set hash-table stats:
# Load=0/32=0%, Rehash=0, Collisions=0/3=0%
#  recipe to execute (from 'Makefile', line 159):
	$(CC) -c $(CFLAGS) -Wa,-a,-ad,-alms=$(BUILD_DIR)/$(notdir $(<:.c=.lst)) $< -o $@

# Not a target:
build/stm32f1xx_hal_gpio_ex.o:
#  Implicit rule search has not been done.
#  Modification time never checked.
#  File has not been updated.

# Not a target:
build/stm32f1xx_it.o:
#  Implicit rule search has not been done.
#  Modification time never checked.
#  File has not been updated.

# Not a target:
build/startup_stm32f103xb.o:
#  Implicit rule search has not been done.
#  Modification time never checked.
#  File has not been updated.

# files hash-table stats:
# Load=28/1024=3%, Rehash=0, Collisions=1/76=1%
# VPATH Search Paths

vpath %.c Core/Src:Drivers/STM32F1xx_HAL_Driver/Src

# 1 'vpath' search paths.

# No general ('VPATH' variable) search path.

# strcache buffers: 1 (0) / strings = 51 / storage = 844 B / avg = 16 B
# current buf: size = 8162 B / used = 844 B / count = 51 / avg = 16 B

# strcache performance: lookups = 84 / hit rate = 39%
# hash-table stats:
# Load=51/8192=1%, Rehash=0, Collisions=0/84=0%
# Finished Make data base on Fri Aug 26 19:29:14 2022

 
