make all --print-data-base --no-builtin-variables --no-builtin-rules --question
# GNU Make 4.3
# Built for x86_64-redhat-linux-gnu
# Copyright (C) 1988-2020 Free Software Foundation, Inc.
# License GPLv3+: GNU GPL version 3 or later <http://gnu.org/licenses/gpl.html>
# This is free software: you are free to change and redistribute it.
# There is NO WARRANTY, to the extent permitted by law.

# Make data base, printed on Fri Aug 26 20:01:23 2022

# Variables

# environment
GDK_BACKEND = x11
# makefile (from 'Makefile', line 75)
AS = $(PREFIX)gcc -x assembler-with-cpp
# makefile (from 'Makefile', line 141)
LIBDIR = 
# environment
LC_ALL = C
# environment
NO_AT_BRIDGE = 1
# environment
LMOD_SETTARG_FULL_SUPPORT = no
# environment
VSCODE_CWD = /home/exebena
# environment
WINDOWPATH = 2
# makefile (from 'Makefile', line 140)
LIBS = -lc -lm -lnosys 
# makefile (from 'Makefile', line 111)
C_INCLUDES = -ICore/Inc -IDrivers/STM32F1xx_HAL_Driver/Inc -IDrivers/STM32F1xx_HAL_Driver/Inc/Legacy -IDrivers/CMSIS/Device/ST/STM32F1xx/Include -IDrivers/CMSIS/Include
# makefile (from 'Makefile', line 77)
SZ = $(PREFIX)size
# environment
GDM_LANG = es_AR.UTF-8
# default
MAKE_COMMAND := make
# environment
LMOD_ROOT = /usr/share/lmod
# automatic
@D = $(patsubst %/,%,$(dir $@))
# makefile (from 'Makefile', line 102)
C_DEFS = -DUSE_HAL_DRIVER -DSTM32F103xB
# environment
VSCODE_HANDLES_UNCAUGHT_ERRORS = true
# default
.VARIABLES := 
# environment
PWD = /home/exebena/Documentos/Tecnicatura_robotica/Clases_Practicas/GPIO_pooling
# automatic
%D = $(patsubst %/,%,$(dir $%))
# environment
HOSTNAME = exequielbenavidez
# environment
MAIL = /var/spool/mail/exebena
# environment
XDG_DATA_DIRS = /home/exebena/.local/share/flatpak/exports/share:/var/lib/flatpak/exports/share:/usr/local/share/:/usr/share/
# automatic
^D = $(patsubst %/,%,$(dir $^))
# automatic
%F = $(notdir $%)
# environment
VSCODE_CODE_CACHE_PATH = /home/exebena/.config/Code/CachedData/3b889b090b5ad5793f524b5d1d39fda662b96a2a
# makefile (from 'Makefile', line 99)
AS_DEFS = 
# environment
LANG = C
# environment
XAUTHORITY = /run/user/1000/gdm/Xauthority
# default
.LOADED := 
# default
.INCLUDE_DIRS = /usr/include /usr/local/include /usr/include
# environment
LMOD_CMD = /usr/share/lmod/lmod/libexec/lmod
# makefile
MAKEFLAGS = pqrR
# makefile
CURDIR := /home/exebena/Documentos/Tecnicatura_robotica/Clases_Practicas/GPIO_pooling
# environment
define BASH_FUNC_module%%
() {  eval $($LMOD_CMD bash "$@") && eval $(${LMOD_SETTARG_CMD:-:} -s sh)
}
endef
# makefile (from 'Makefile', line 79)
HEX = $(CP) -O ihex
# environment
APPLICATION_INSIGHTS_NO_DIAGNOSTIC_CHANNEL = 1
# environment
LMOD_DIR = /usr/share/lmod/lmod/libexec
# environment
LESSOPEN = ||/usr/bin/lesspipe.sh %s
# makefile (from 'Makefile', line 137)
LDSCRIPT = STM32F103C8Tx_FLASH.ld
# automatic
*D = $(patsubst %/,%,$(dir $*))
# environment
MFLAGS = -pqrR
# environment
SSH_AUTH_SOCK = /run/user/1000/keyring/ssh
# default
.SHELLFLAGS := -c
# environment
HISTSIZE = 1000
# automatic
+D = $(patsubst %/,%,$(dir $+))
# environment
XDG_SESSION_DESKTOP = gnome-xorg
# makefile (from 'build/system_stm32f1xx.d', line 1)
MAKEFILE_LIST := Makefile build/main.d build/startup_stm32f103xb.d build/stm32f1xx_hal.d build/stm32f1xx_hal_cortex.d build/stm32f1xx_hal_dma.d build/stm32f1xx_hal_exti.d build/stm32f1xx_hal_flash.d build/stm32f1xx_hal_flash_ex.d build/stm32f1xx_hal_gpio.d build/stm32f1xx_hal_gpio_ex.d build/stm32f1xx_hal_msp.d build/stm32f1xx_hal_pwr.d build/stm32f1xx_hal_rcc.d build/stm32f1xx_hal_rcc_ex.d build/stm32f1xx_hal_tim.d build/stm32f1xx_hal_tim_ex.d build/stm32f1xx_it.d build/system_stm32f1xx.d
# makefile (from 'Makefile', line 120)
ASFLAGS = $(MCU) $(AS_DEFS) $(AS_INCLUDES) $(OPT) -Wall -fdata-sections -ffunction-sections
# automatic
@F = $(notdir $@)
# environment
VSCODE_PID = 45448
# environment
XDG_SESSION_TYPE = x11
# automatic
?D = $(patsubst %/,%,$(dir $?))
# makefile (from 'Makefile', line 108)
AS_INCLUDES = 
# makefile (from 'Makefile', line 76)
CP = $(PREFIX)objcopy
# environment
ACADOS_SOURCE_DIR = /home/exebena/git/acados
# environment
SESSION_MANAGER = local/unix:@/tmp/.ICE-unix/2581,unix/unix:/tmp/.ICE-unix/2581
# automatic
*F = $(notdir $*)
# environment
MANPATH = /usr/share/lmod/lmod/share/man:
# environment
MODULEPATH = /etc/modulefiles:/usr/share/modulefiles:/usr/share/modulefiles/Linux:/usr/share/modulefiles/Core:/usr/share/lmod/lmod/modulefiles/Core
# environment
CHROME_DESKTOP = code-url-handler.desktop
# environment
DBUS_SESSION_BUS_ADDRESS = unix:path=/run/user/1000/bus
# automatic
<D = $(patsubst %/,%,$(dir $<))
# environment
VSCODE_NLS_CONFIG = {"locale":"es-419","availableLanguages":{},"_languagePackSupport":true}
# environment
define BASH_FUNC_ml%%
() {  eval $($LMOD_DIR/ml_cmd "$@")
}
endef
# default
MAKE_HOST := x86_64-redhat-linux-gnu
# makefile
SHELL = /bin/sh
# default
MAKECMDGOALS := all
# environment
XMODIFIERS = @im=ibus
# environment
PLATFORMIO_CALLER = vscode
# environment
LD_LIBRARY_PATH = :/home/exebena/git/acados/lib:/home/exebena/git/acados/lib
# environment
SHLVL = 0
# environment
MAKELEVEL := 0
# default
MAKE = $(MAKE_COMMAND)
# environment
PATH = /usr/local/bin:/usr/local/sbin:/usr/bin:/usr/sbin:/home/exebena/.cargo/bin
# environment
MOZ_GMP_PATH = /usr/lib64/mozilla/plugins/gmp-gmpopenh264/system-installed
# default
MAKEFILES := 
# environment
 
MODULESHOME = /usr/share/lmod/lmod
# automatic
^F = $(notdir $^)
# environment
LMOD_sys = Linux
# makefile (from 'Makefile', line 65)
PREFIX = arm-none-eabi-
# environment
INVOCATION_ID = 965c58a2788042bdafa7598f3eadd3b4
# environment
USERNAME = exebena
# makefile (from 'Makefile', line 86)
CPU = -mcpu=cortex-m3
# automatic
?F = $(notdir $?)
# environment
NO_PROXY = 127.0.0.1
# environment
XDG_CURRENT_DESKTOP = GNOME
# environment
 
KDEDIRS = /usr
# automatic
+F = $(notdir $+)
# environment
DESKTOP_SESSION = gnome-xorg
# environment
ORIGINAL_XDG_CURRENT_DESKTOP = GNOME
# makefile (from 'Makefile', line 155)
OBJECTS = $(addprefix $(BUILD_DIR)/,$(notdir $(C_SOURCES:.c=.o))) $(addprefix $(BUILD_DIR)/,$(notdir $(ASM_SOURCES:.s=.o)))
# 'override' directive
GNUMAKEFLAGS := 
# environment
LOGNAME = exebena
# makefile (from 'Makefile', line 25)
OPT = -Og
# environment
GIO_LAUNCHED_DESKTOP_FILE = /usr/share/applications/code.desktop
# environment
PLATFORMIO_PATH = /home/exebena/.platformio/penv/bin:/home/exebena/.platformio/penv:/home/exebena/.platformio/python3/bin:/usr/local/bin:/usr/local/sbin:/usr/bin:/usr/sbin:/home/exebena/.cargo/bin
# environment
BASH_ENV = /usr/share/lmod/lmod/init/bash
# makefile
.DEFAULT_GOAL := all
# environment
MODULEPATH_ROOT = /usr/share/modulefiles
# environment
HISTCONTROL = ignoredups
# environment
EDITOR = /usr/bin/nano
# environment
DISPLAY = :0
# environment
USER = exebena
# default
MAKE_VERSION := 4.3
# makefile (from 'Makefile', line 142)
LDFLAGS = $(MCU) -specs=nano.specs -T$(LDSCRIPT) $(LIBDIR) $(LIBS) -Wl,-Map=$(BUILD_DIR)/$(TARGET).map,--cref -Wl,--gc-sections
# environment
MANAGERPID = 2376
# makefile (from 'Makefile', line 95)
MCU = $(CPU) -mthumb $(FPU) $(FLOAT-ABI)
# environment
GIO_LAUNCHED_DESKTOP_FILE_PID = 45448
# environment
SSH_AGENT_PID = 2526
# environment
_ = /usr/bin/make
 
# makefile (from 'Makefile', line 80)
BIN = $(CP) -O binary -S
# environment
XDG_RUNTIME_DIR = /run/user/1000
# makefile (from 'Makefile', line 130)
CFLAGS = $(MCU) $(C_DEFS) $(C_INCLUDES) $(OPT) -Wall -fdata-sections -ffunction-sections -g -gdwarf-2 -MMD -MP -MF"$(@:%.o=%.d)"
# environment
JOURNAL_STREAM = 8:545715
# environment
XDG_SESSION_CLASS = user
# environment
VSCODE_AMD_ENTRYPOINT = vs/workbench/api/node/extensionHostProcess
# makefile (from 'Makefile', line 32)
BUILD_DIR = build
# environment
PLATFORMIO_IDE = 2.5.2
# environment
HOME = /home/exebena
# environment
QT_IM_MODULE = ibus
# environment
ELECTRON_RUN_AS_NODE = 1
# environment
VSCODE_IPC_HOOK = /run/user/1000/vscode-04e89c9f-1.69.2-main.sock
# default
.RECIPEPREFIX := 
# automatic
<F = $(notdir $<)
# makefile (from 'Makefile', line 38)
C_SOURCES = Core/Src/main.c Core/Src/stm32f1xx_it.c Core/Src/stm32f1xx_hal_msp.c Drivers/STM32F1xx_HAL_Driver/Src/stm32f1xx_hal_gpio_ex.c Drivers/STM32F1xx_HAL_Driver/Src/stm32f1xx_hal_tim.c Drivers/STM32F1xx_HAL_Driver/Src/stm32f1xx_hal_tim_ex.c Drivers/STM32F1xx_HAL_Driver/Src/stm32f1xx_hal.c Drivers/STM32F1xx_HAL_Driver/Src/stm32f1xx_hal_rcc.c Drivers/STM32F1xx_HAL_Driver/Src/stm32f1xx_hal_rcc_ex.c Drivers/STM32F1xx_HAL_Driver/Src/stm32f1xx_hal_gpio.c Drivers/STM32F1xx_HAL_Driver/Src/stm32f1xx_hal_dma.c Drivers/STM32F1xx_HAL_Driver/Src/stm32f1xx_hal_cortex.c Drivers/STM32F1xx_HAL_Driver/Src/stm32f1xx_hal_pwr.c Drivers/STM32F1xx_HAL_Driver/Src/stm32f1xx_hal_flash.c Drivers/STM32F1xx_HAL_Driver/Src/stm32f1xx_hal_flash_ex.c Drivers/STM32F1xx_HAL_Driver/Src/stm32f1xx_hal_exti.c Core/Src/system_stm32f1xx.c  
# default
SUFFIXES := 
# makefile (from 'Makefile', line 16)
TARGET = GPIO_poolin
# environment
LMOD_PKG = /usr/share/lmod/lmod
# makefile (from 'Makefile', line 58)
ASM_SOURCES = startup_stm32f103xb.s
# makefile (from 'Makefile', line 23)
DEBUG = 1
# default
.FEATURES := target-specific order-only second-expansion else-if shortest-stem undefine oneshell nocomment grouped-target extra-prereqs archives jobserver output-sync check-symlink guile load
# makefile (from 'Makefile', line 74)
CC = $(PREFIX)gcc
# environment
XDG_MENU_PREFIX = gnome-
# environment
LMOD_VERSION = 8.4.1
# environment
GDMSESSION = gnome-xorg
# variable set hash-table stats:
# Load=136/1024=13%, Rehash=0, Collisions=10/238=4%

# Pattern-specific Variable Values

# No pattern-specific variable values.

# Directories

# build (device 41, inode 14582695): 59 files, no impossibilities.
# . (device 41, inode 14581943): 13 files, no impossibilities.
# Core/Src (device 41, inode 14581966): 6 files, no impossibilities.
# Drivers/STM32F1xx_HAL_Driver/Src (device 41, inode 14582032): 15 files, no impossibilities.

# 93 files, no impossibilities in 4 directories.

# Implicit Rules

build/%.o: %.c Makefile | build
#  recipe to execute (from 'Makefile', line 159):
	$(CC) -c $(CFLAGS) -Wa,-a,-ad,-alms=$(BUILD_DIR)/$(notdir $(<:.c=.lst)) $< -o $@

build/%.o: %.s Makefile | build
#  recipe to execute (from 'Makefile', line 162):
	$(AS) -c $(CFLAGS) $< -o $@

build/%.hex: build/%.elf | build
#  recipe to execute (from 'Makefile', line 169):
	$(HEX) $< $@
	

build/%.bin: build/%.elf | build
#  recipe to execute (from 'Makefile', line 172):
	$(BIN) $< $@	
	

# 4 implicit rules, 0 (0.0%) terminal.
# Files

build/GPIO_poolin.hex: build/GPIO_poolin.elf | build
#  Implicit rule search has been done.
#  Implicit/static pattern stem: 'GPIO_poolin'
#  Last modified 2022-08-26 17:15:24.827717503
#  File has been updated.
#  Successfully updated.
#  recipe to execute (from 'Makefile', line 169):
	$(HEX) $< $@
	

Drivers/STM32F1xx_HAL_Driver/Inc/stm32f1xx_hal_dma.h:
#  Implicit rule search has been done.
#  Last modified 2022-08-26 16:54:09.665882348
#  File has been updated.
#  Successfully updated.

Drivers/STM32F1xx_HAL_Driver/Inc/stm32f1xx_hal_cortex.h:
#  Implicit rule search has been done.
#  Last modified 2022-08-26 16:54:09.665882348
#  File has been updated.
#  Successfully updated.

# Not a target:
Core/Src/system_stm32f1xx.c:
#  Implicit rule search has been done.
#  Last modified 2022-08-26 16:54:09.742882802
#  File has been updated.
#  Successfully updated.

Core/Inc/main.h:
#  Implicit rule search has been done.
#  Last modified 2022-08-26 16:54:07.312
#  File has been updated.
#  Successfully updated.

# Not a target:
Drivers/STM32F1xx_HAL_Driver/Src/stm32f1xx_hal.c:
#  Implicit rule search has been done.
#  Last modified 2022-08-26 16:54:09.646882236
#  File has been updated.
#  Successfully updated.

build/stm32f1xx_hal.o: Drivers/STM32F1xx_HAL_Driver/Src/stm32f1xx_hal.c Makefile Drivers/STM32F1xx_HAL_Driver/Src/stm32f1xx_hal.c Drivers/STM32F1xx_HAL_Driver/Inc/stm32f1xx_hal.h Core/Inc/stm32f1xx_hal_conf.h Drivers/STM32F1xx_HAL_Driver/Inc/stm32f1xx_hal_rcc.h Drivers/STM32F1xx_HAL_Driver/Inc/stm32f1xx_hal_def.h Drivers/CMSIS/Device/ST/STM32F1xx/Include/stm32f1xx.h Drivers/CMSIS/Device/ST/STM32F1xx/Include/stm32f103xb.h Drivers/CMSIS/Include/core_cm3.h Drivers/CMSIS/Include/cmsis_version.h Drivers/CMSIS/Include/cmsis_compiler.h Drivers/CMSIS/Include/cmsis_gcc.h Drivers/CMSIS/Device/ST/STM32F1xx/Include/system_stm32f1xx.h Drivers/STM32F1xx_HAL_Driver/Inc/Legacy/stm32_hal_legacy.h Drivers/STM32F1xx_HAL_Driver/Inc/stm32f1xx_hal_rcc_ex.h Drivers/STM32F1xx_HAL_Driver/Inc/stm32f1xx_hal_gpio.h Drivers/STM32F1xx_HAL_Driver/Inc/stm32f1xx_hal_gpio_ex.h Drivers/STM32F1xx_HAL_Driver/Inc/stm32f1xx_hal_exti.h Drivers/STM32F1xx_HAL_Driver/Inc/stm32f1xx_hal_dma.h Drivers/STM32F1xx_HAL_Driver/Inc/stm32f1xx_hal_dma_ex.h Drivers/STM32F1xx_HAL_Driver/Inc/stm32f1xx_hal_cortex.h Drivers/STM32F1xx_HAL_Driver/Inc/stm32f1xx_hal_flash.h Drivers/STM32F1xx_HAL_Driver/Inc/stm32f1xx_hal_flash_ex.h Drivers/STM32F1xx_HAL_Driver/Inc/stm32f1xx_hal_pwr.h | build
#  Implicit rule search has been done.
#  Implicit/static pattern stem: 'stm32f1xx_hal'
#  Last modified 2022-08-26 17:15:22.946707512
#  File has been updated.
#  Successfully updated.
#  recipe to execute (from 'Makefile', line 159):
	$(CC) -c $(CFLAGS) -Wa,-a,-ad,-alms=$(BUILD_DIR)/$(notdir $(<:.c=.lst)) $< -o $@
 

build/stm32f1xx_hal_gpio.o: Drivers/STM32F1xx_HAL_Driver/Src/stm32f1xx_hal_gpio.c Makefile Drivers/STM32F1xx_HAL_Driver/Src/stm32f1xx_hal_gpio.c Drivers/STM32F1xx_HAL_Driver/Inc/stm32f1xx_hal.h Core/Inc/stm32f1xx_hal_conf.h Drivers/STM32F1xx_HAL_Driver/Inc/stm32f1xx_hal_rcc.h Drivers/STM32F1xx_HAL_Driver/Inc/stm32f1xx_hal_def.h Drivers/CMSIS/Device/ST/STM32F1xx/Include/stm32f1xx.h Drivers/CMSIS/Device/ST/STM32F1xx/Include/stm32f103xb.h Drivers/CMSIS/Include/core_cm3.h Drivers/CMSIS/Include/cmsis_version.h Drivers/CMSIS/Include/cmsis_compiler.h Drivers/CMSIS/Include/cmsis_gcc.h Drivers/CMSIS/Device/ST/STM32F1xx/Include/system_stm32f1xx.h Drivers/STM32F1xx_HAL_Driver/Inc/Legacy/stm32_hal_legacy.h Drivers/STM32F1xx_HAL_Driver/Inc/stm32f1xx_hal_rcc_ex.h Drivers/STM32F1xx_HAL_Driver/Inc/stm32f1xx_hal_gpio.h Drivers/STM32F1xx_HAL_Driver/Inc/stm32f1xx_hal_gpio_ex.h Drivers/STM32F1xx_HAL_Driver/Inc/stm32f1xx_hal_exti.h Drivers/STM32F1xx_HAL_Driver/Inc/stm32f1xx_hal_dma.h Drivers/STM32F1xx_HAL_Driver/Inc/stm32f1xx_hal_dma_ex.h Drivers/STM32F1xx_HAL_Driver/Inc/stm32f1xx_hal_cortex.h Drivers/STM32F1xx_HAL_Driver/Inc/stm32f1xx_hal_flash.h Drivers/STM32F1xx_HAL_Driver/Inc/stm32f1xx_hal_flash_ex.h Drivers/STM32F1xx_HAL_Driver/Inc/stm32f1xx_hal_pwr.h | build
#  Implicit rule search has been done.
#  Implicit/static pattern stem: 'stm32f1xx_hal_gpio'
#  Last modified 2022-08-26 17:15:23.511710513
#  File has been updated.
#  Successfully updated.
#  recipe to execute (from 'Makefile', line 159):
	$(CC) -c $(CFLAGS) -Wa,-a,-ad,-alms=$(BUILD_DIR)/$(notdir $(<:.c=.lst)) $< -o $@

# Not a target:
Drivers/STM32F1xx_HAL_Driver/Src/stm32f1xx_hal_dma.c:
#  Implicit rule search has been done.
#  Last modified 2022-08-26 16:54:09.65088226
#  File has been updated.
#  Successfully updated.

build/stm32f1xx_hal_pwr.o: Drivers/STM32F1xx_HAL_Driver/Src/stm32f1xx_hal_pwr.c Makefile Drivers/STM32F1xx_HAL_Driver/Src/stm32f1xx_hal_pwr.c Drivers/STM32F1xx_HAL_Driver/Inc/stm32f1xx_hal.h Core/Inc/stm32f1xx_hal_conf.h Drivers/STM32F1xx_HAL_Driver/Inc/stm32f1xx_hal_rcc.h Drivers/STM32F1xx_HAL_Driver/Inc/stm32f1xx_hal_def.h Drivers/CMSIS/Device/ST/STM32F1xx/Include/stm32f1xx.h Drivers/CMSIS/Device/ST/STM32F1xx/Include/stm32f103xb.h Drivers/CMSIS/Include/core_cm3.h Drivers/CMSIS/Include/cmsis_version.h Drivers/CMSIS/Include/cmsis_compiler.h Drivers/CMSIS/Include/cmsis_gcc.h Drivers/CMSIS/Device/ST/STM32F1xx/Include/system_stm32f1xx.h Drivers/STM32F1xx_HAL_Driver/Inc/Legacy/stm32_hal_legacy.h Drivers/STM32F1xx_HAL_Driver/Inc/stm32f1xx_hal_rcc_ex.h Drivers/STM32F1xx_HAL_Driver/Inc/stm32f1xx_hal_gpio.h Drivers/STM32F1xx_HAL_Driver/Inc/stm32f1xx_hal_gpio_ex.h Drivers/STM32F1xx_HAL_Driver/Inc/stm32f1xx_hal_exti.h Drivers/STM32F1xx_HAL_Driver/Inc/stm32f1xx_hal_dma.h Drivers/STM32F1xx_HAL_Driver/Inc/stm32f1xx_hal_dma_ex.h Drivers/STM32F1xx_HAL_Driver/Inc/stm32f1xx_hal_cortex.h Drivers/STM32F1xx_HAL_Driver/Inc/stm32f1xx_hal_flash.h Drivers/STM32F1xx_HAL_Driver/Inc/stm32f1xx_hal_flash_ex.h Drivers/STM32F1xx_HAL_Driver/Inc/stm32f1xx_hal_pwr.h | build
#  Implicit rule search has been done.
#  Implicit/static pattern stem: 'stm32f1xx_hal_pwr'
#  Last modified 2022-08-26 17:15:24.028713259
#  File has been updated.
#  Successfully updated.
#  recipe to execute (from 'Makefile', line 159):
	$(CC) -c $(CFLAGS) -Wa,-a,-ad,-alms=$(BUILD_DIR)/$(notdir $(<:.c=.lst)) $< -o $@

Drivers/STM32F1xx_HAL_Driver/Inc/stm32f1xx_hal_exti.h:
#  Implicit rule search has been done.
#  Last modified 2022-08-26 16:54:09.666882354
#  File has been updated.
#  Successfully updated.

# Not a target:
Drivers/STM32F1xx_HAL_Driver/Src/stm32f1xx_hal_tim_ex.c:
#  Implicit rule search has been done.
#  Last modified 2022-08-26 16:54:09.64588223
#  File has been updated.
#  Successfully updated.

build/stm32f1xx_hal_cortex.o: Drivers/STM32F1xx_HAL_Driver/Src/stm32f1xx_hal_cortex.c Makefile Drivers/STM32F1xx_HAL_Driver/Src/stm32f1xx_hal_cortex.c Drivers/STM32F1xx_HAL_Driver/Inc/stm32f1xx_hal.h Core/Inc/stm32f1xx_hal_conf.h Drivers/STM32F1xx_HAL_Driver/Inc/stm32f1xx_hal_rcc.h Drivers/STM32F1xx_HAL_Driver/Inc/stm32f1xx_hal_def.h Drivers/CMSIS/Device/ST/STM32F1xx/Include/stm32f1xx.h Drivers/CMSIS/Device/ST/STM32F1xx/Include/stm32f103xb.h Drivers/CMSIS/Include/core_cm3.h Drivers/CMSIS/Include/cmsis_version.h Drivers/CMSIS/Include/cmsis_compiler.h Drivers/CMSIS/Include/cmsis_gcc.h Drivers/CMSIS/Device/ST/STM32F1xx/Include/system_stm32f1xx.h Drivers/STM32F1xx_HAL_Driver/Inc/Legacy/stm32_hal_legacy.h Drivers/STM32F1xx_HAL_Driver/Inc/stm32f1xx_hal_rcc_ex.h Drivers/STM32F1xx_HAL_Driver/Inc/stm32f1xx_hal_gpio.h Drivers/STM32F1xx_HAL_Driver/Inc/stm32f1xx_hal_gpio_ex.h Drivers/STM32F1xx_HAL_Driver/Inc/stm32f1xx_hal_exti.h Drivers/STM32F1xx_HAL_Driver/Inc/stm32f1xx_hal_dma.h Drivers/STM32F1xx_HAL_Driver/Inc/stm32f1xx_hal_dma_ex.h Drivers/STM32F1xx_HAL_Driver/Inc/stm32f1xx_hal_cortex.h Drivers/STM32F1xx_HAL_Driver/Inc/stm32f1xx_hal_flash.h Drivers/STM32F1xx_HAL_Driver/Inc/stm32f1xx_hal_flash_ex.h Drivers/STM32F1xx_HAL_Driver/Inc/stm32f1xx_hal_pwr.h | build
#  Implicit rule search has been done.
#  Implicit/static pattern stem: 'stm32f1xx_hal_cortex'
#  Last modified 2022-08-26 17:15:23.890712526
#  File has been updated.
#  Successfully updated.
#  recipe to execute (from 'Makefile', line 159):
	$(CC) -c $(CFLAGS) -Wa,-a,-ad,-alms=$(BUILD_DIR)/$(notdir $(<:.c=.lst)) $< -o $@

build/stm32f1xx_hal_msp.o: Core/Src/stm32f1xx_hal_msp.c Makefile Core/Src/stm32f1xx_hal_msp.c Core/Inc/main.h Drivers/STM32F1xx_HAL_Driver/Inc/stm32f1xx_hal.h Core/Inc/stm32f1xx_hal_conf.h Drivers/STM32F1xx_HAL_Driver/Inc/stm32f1xx_hal_rcc.h Drivers/STM32F1xx_HAL_Driver/Inc/stm32f1xx_hal_def.h Drivers/CMSIS/Device/ST/STM32F1xx/Include/stm32f1xx.h Drivers/CMSIS/Device/ST/STM32F1xx/Include/stm32f103xb.h Drivers/CMSIS/Include/core_cm3.h Drivers/CMSIS/Include/cmsis_version.h Drivers/CMSIS/Include/cmsis_compiler.h Drivers/CMSIS/Include/cmsis_gcc.h Drivers/CMSIS/Device/ST/STM32F1xx/Include/system_stm32f1xx.h Drivers/STM32F1xx_HAL_Driver/Inc/Legacy/stm32_hal_legacy.h Drivers/STM32F1xx_HAL_Driver/Inc/stm32f1xx_hal_rcc_ex.h Drivers/STM32F1xx_HAL_Driver/Inc/stm32f1xx_hal_gpio.h Drivers/STM32F1xx_HAL_Driver/Inc/stm32f1xx_hal_gpio_ex.h Drivers/STM32F1xx_HAL_Driver/Inc/stm32f1xx_hal_exti.h Drivers/STM32F1xx_HAL_Driver/Inc/stm32f1xx_hal_dma.h Drivers/STM32F1xx_HAL_Driver/Inc/stm32f1xx_hal_dma_ex.h Drivers/STM32F1xx_HAL_Driver/Inc/stm32f1xx_hal_cortex.h Drivers/STM32F1xx_HAL_Driver/Inc/stm32f1xx_hal_flash.h Drivers/STM32F1xx_HAL_Driver/Inc/stm32f1xx_hal_flash_ex.h Drivers/STM32F1xx_HAL_Driver/Inc/stm32f1xx_hal_pwr.h | build
#  Implicit rule search has been done.
#  Implicit/static pattern stem: 'stm32f1xx_hal_msp'
#  Last modified 2022-08-26 17:15:22.57170552
#  File has been updated.
#  Successfully updated.
#  recipe to execute (from 'Makefile', line 159):
	$(CC) -c $(CFLAGS) -Wa,-a,-ad,-alms=$(BUILD_DIR)/$(notdir $(<:.c=.lst)) $< -o $@

# Not a target:
build/stm32f1xx_hal_flash.d:
#  Implicit rule search has been done.
#  Last modified 2022-08-26 17:15:24.153713923
#  File has been updated.
#  Successfully updated.

Drivers/STM32F1xx_HAL_Driver/Inc/stm32f1xx_hal_flash.h:
#  Implicit rule search has been done.
#  Last modified 2022-08-26 16:54:09.666882354
#  File has been updated.
#  Successfully updated.

# Not a target:
startup_stm32f103xb.s:
#  Implicit rule search has been done.
#  Last modified 2021-09-20 17:23:34.305
#  File has been updated.
#  Successfully updated.

# Not a target:
Core/Src/stm32f1xx_hal_msp.c:
#  Implicit rule search has been done.
#  Last modified 2022-08-26 16:54:06.422
#  File has been updated.
#  Successfully updated.

Drivers/STM32F1xx_HAL_Driver/Inc/Legacy/stm32_hal_legacy.h:
#  Implicit rule search has been done.
#  Last modified 2022-08-26 16:54:09.654882283
#  File has been updated.
#  Successfully updated.

# Not a target:
Drivers/STM32F1xx_HAL_Driver/Src/stm32f1xx_hal_exti.c:
#  Implicit rule search has been done.
 
#  Last modified 2022-08-26 16:54:09.653882277
#  File has been updated.
#  Successfully updated.

# Not a target:
Makefile:
#  Implicit rule search has been done.
#  Last modified 2022-08-26 16:54:15.56791718
#  File has been updated.
#  Successfully updated.

Drivers/CMSIS/Device/ST/STM32F1xx/Include/stm32f1xx.h:
#  Implicit rule search has been done.
#  Last modified 2022-08-26 16:54:09.676882413
#  File has been updated.
#  Successfully updated.

# Not a target:
Drivers/STM32F1xx_HAL_Driver/Src/stm32f1xx_hal_gpio_ex.c:
#  Implicit rule search has been done.
#  Last modified 2022-08-26 16:54:09.661882325
#  File has been updated.
#  Successfully updated.

Drivers/CMSIS/Device/ST/STM32F1xx/Include/stm32f103xb.h:
#  Implicit rule search has been done.
#  Last modified 2022-08-26 16:54:09.675882407
#  File has been updated.
#  Successfully updated.

build/stm32f1xx_hal_tim.o: Drivers/STM32F1xx_HAL_Driver/Src/stm32f1xx_hal_tim.c Makefile Drivers/STM32F1xx_HAL_Driver/Src/stm32f1xx_hal_tim.c Drivers/STM32F1xx_HAL_Driver/Inc/stm32f1xx_hal.h Core/Inc/stm32f1xx_hal_conf.h Drivers/STM32F1xx_HAL_Driver/Inc/stm32f1xx_hal_rcc.h Drivers/STM32F1xx_HAL_Driver/Inc/stm32f1xx_hal_def.h Drivers/CMSIS/Device/ST/STM32F1xx/Include/stm32f1xx.h Drivers/CMSIS/Device/ST/STM32F1xx/Include/stm32f103xb.h Drivers/CMSIS/Include/core_cm3.h Drivers/CMSIS/Include/cmsis_version.h Drivers/CMSIS/Include/cmsis_compiler.h Drivers/CMSIS/Include/cmsis_gcc.h Drivers/CMSIS/Device/ST/STM32F1xx/Include/system_stm32f1xx.h Drivers/STM32F1xx_HAL_Driver/Inc/Legacy/stm32_hal_legacy.h Drivers/STM32F1xx_HAL_Driver/Inc/stm32f1xx_hal_rcc_ex.h Drivers/STM32F1xx_HAL_Driver/Inc/stm32f1xx_hal_gpio.h Drivers/STM32F1xx_HAL_Driver/Inc/stm32f1xx_hal_gpio_ex.h Drivers/STM32F1xx_HAL_Driver/Inc/stm32f1xx_hal_exti.h Drivers/STM32F1xx_HAL_Driver/Inc/stm32f1xx_hal_dma.h Drivers/STM32F1xx_HAL_Driver/Inc/stm32f1xx_hal_dma_ex.h Drivers/STM32F1xx_HAL_Driver/Inc/stm32f1xx_hal_cortex.h Drivers/STM32F1xx_HAL_Driver/Inc/stm32f1xx_hal_flash.h Drivers/STM32F1xx_HAL_Driver/Inc/stm32f1xx_hal_flash_ex.h Drivers/STM32F1xx_HAL_Driver/Inc/stm32f1xx_hal_pwr.h | build
#  Implicit rule search has been done.
#  Implicit/static pattern stem: 'stm32f1xx_hal_tim'
#  Last modified 2022-08-26 17:15:22.738706407
#  File has been updated.
#  Successfully updated.
#  recipe to execute (from 'Makefile', line 159):
	$(CC) -c $(CFLAGS) -Wa,-a,-ad,-alms=$(BUILD_DIR)/$(notdir $(<:.c=.lst)) $< -o $@

# Not a target:
build/stm32f1xx_hal_flash_ex.d:
#  Implicit rule search has been done.
#  Last modified 2022-08-26 17:15:24.338714906
#  File has been updated.
#  Successfully updated.

Drivers/CMSIS/Include/core_cm3.h:
#  Implicit rule search has been done.
#  Last modified 2022-08-26 16:54:09.695882525
#  File has been updated.
#  Successfully updated.

build/stm32f1xx_hal_tim_ex.o: Drivers/STM32F1xx_HAL_Driver/Src/stm32f1xx_hal_tim_ex.c Makefile Drivers/STM32F1xx_HAL_Driver/Src/stm32f1xx_hal_tim_ex.c Drivers/STM32F1xx_HAL_Driver/Inc/stm32f1xx_hal.h Core/Inc/stm32f1xx_hal_conf.h Drivers/STM32F1xx_HAL_Driver/Inc/stm32f1xx_hal_rcc.h Drivers/STM32F1xx_HAL_Driver/Inc/stm32f1xx_hal_def.h Drivers/CMSIS/Device/ST/STM32F1xx/Include/stm32f1xx.h Drivers/CMSIS/Device/ST/STM32F1xx/Include/stm32f103xb.h Drivers/CMSIS/Include/core_cm3.h Drivers/CMSIS/Include/cmsis_version.h Drivers/CMSIS/Include/cmsis_compiler.h Drivers/CMSIS/Include/cmsis_gcc.h Drivers/CMSIS/Device/ST/STM32F1xx/Include/system_stm32f1xx.h Drivers/STM32F1xx_HAL_Driver/Inc/Legacy/stm32_hal_legacy.h Drivers/STM32F1xx_HAL_Driver/Inc/stm32f1xx_hal_rcc_ex.h Drivers/STM32F1xx_HAL_Driver/Inc/stm32f1xx_hal_gpio.h Drivers/STM32F1xx_HAL_Driver/Inc/stm32f1xx_hal_gpio_ex.h Drivers/STM32F1xx_HAL_Driver/Inc/stm32f1xx_hal_exti.h Drivers/STM32F1xx_HAL_Driver/Inc/stm32f1xx_hal_dma.h Drivers/STM32F1xx_HAL_Driver/Inc/stm32f1xx_hal_dma_ex.h Drivers/STM32F1xx_HAL_Driver/Inc/stm32f1xx_hal_cortex.h Drivers/STM32F1xx_HAL_Driver/Inc/stm32f1xx_hal_flash.h Drivers/STM32F1xx_HAL_Driver/Inc/stm32f1xx_hal_flash_ex.h Drivers/STM32F1xx_HAL_Driver/Inc/stm32f1xx_hal_pwr.h | build
#  Implicit rule search has been done.
#  Implicit/static pattern stem: 'stm32f1xx_hal_tim_ex'
#  Last modified 2022-08-26 17:15:22.815706816
#  File has been updated.
#  Successfully updated.
#  recipe to execute (from 'Makefile', line 159):
	$(CC) -c $(CFLAGS) -Wa,-a,-ad,-alms=$(BUILD_DIR)/$(notdir $(<:.c=.lst)) $< -o $@

build/stm32f1xx_hal_rcc_ex.o: Drivers/STM32F1xx_HAL_Driver/Src/stm32f1xx_hal_rcc_ex.c Makefile Drivers/STM32F1xx_HAL_Driver/Src/stm32f1xx_hal_rcc_ex.c Drivers/STM32F1xx_HAL_Driver/Inc/stm32f1xx_hal.h Core/Inc/stm32f1xx_hal_conf.h Drivers/STM32F1xx_HAL_Driver/Inc/stm32f1xx_hal_rcc.h Drivers/STM32F1xx_HAL_Driver/Inc/stm32f1xx_hal_def.h Drivers/CMSIS/Device/ST/STM32F1xx/Include/stm32f1xx.h Drivers/CMSIS/Device/ST/STM32F1xx/Include/stm32f103xb.h Drivers/CMSIS/Include/core_cm3.h Drivers/CMSIS/Include/cmsis_version.h Drivers/CMSIS/Include/cmsis_compiler.h Drivers/CMSIS/Include/cmsis_gcc.h Drivers/CMSIS/Device/ST/STM32F1xx/Include/system_stm32f1xx.h Drivers/STM32F1xx_HAL_Driver/Inc/Legacy/stm32_hal_legacy.h Drivers/STM32F1xx_HAL_Driver/Inc/stm32f1xx_hal_rcc_ex.h Drivers/STM32F1xx_HAL_Driver/Inc/stm32f1xx_hal_gpio.h Drivers/STM32F1xx_HAL_Driver/Inc/stm32f1xx_hal_gpio_ex.h Drivers/STM32F1xx_HAL_Driver/Inc/stm32f1xx_hal_exti.h Drivers/STM32F1xx_HAL_Driver/Inc/stm32f1xx_hal_dma.h Drivers/STM32F1xx_HAL_Driver/Inc/stm32f1xx_hal_dma_ex.h Drivers/STM32F1xx_HAL_Driver/Inc/stm32f1xx_hal_cortex.h Drivers/STM32F1xx_HAL_Driver/Inc/stm32f1xx_hal_flash.h Drivers/STM32F1xx_HAL_Driver/Inc/stm32f1xx_hal_flash_ex.h Drivers/STM32F1xx_HAL_Driver/Inc/stm32f1xx_hal_pwr.h | build
#  Implicit rule search has been done.
#  Implicit/static pattern stem: 'stm32f1xx_hal_rcc_ex'
#  Last modified 2022-08-26 17:15:23.346709637
#  File has been updated.
#  Successfully updated.
#  recipe to execute (from 'Makefile', line 159):
	$(CC) -c $(CFLAGS) -Wa,-a,-ad,-alms=$(BUILD_DIR)/$(notdir $(<:.c=.lst)) $< -o $@

clean:
#  Implicit rule search has not been done.
#  Modification time never checked.
#  File has not been updated.
#  recipe to execute (from 'Makefile', line 181):
	-rm -fR $(BUILD_DIR)

# Not a target:
build/stm32f1xx_hal_cortex.d:
#  Implicit rule search has been done.
#  Last modified 2022-08-26 17:15:23.860712367
#  File has been updated.
#  Successfully updated.

Drivers/STM32F1xx_HAL_Driver/Inc/stm32f1xx_hal_def.h:
#  Implicit rule search has been done.
#  Last modified 2022-08-26 16:54:09.655882289
#  File has been updated.
#  Successfully updated.

# Not a target:
Drivers/STM32F1xx_HAL_Driver/Src/stm32f1xx_hal_tim.c:
#  Implicit rule search has been done.
#  Last modified 2022-08-26 16:54:09.644882224
#  File has been updated.
#  Successfully updated.

Drivers/STM32F1xx_HAL_Driver/Inc/stm32f1xx_hal_rcc.h:
#  Implicit rule search has been done.
 
#  Last modified 2022-08-26 16:54:09.655882289
#  File has been updated.
#  Successfully updated.

build/stm32f1xx_hal_exti.o: Drivers/STM32F1xx_HAL_Driver/Src/stm32f1xx_hal_exti.c Makefile Drivers/STM32F1xx_HAL_Driver/Src/stm32f1xx_hal_exti.c Drivers/STM32F1xx_HAL_Driver/Inc/stm32f1xx_hal.h Core/Inc/stm32f1xx_hal_conf.h Drivers/STM32F1xx_HAL_Driver/Inc/stm32f1xx_hal_rcc.h Drivers/STM32F1xx_HAL_Driver/Inc/stm32f1xx_hal_def.h Drivers/CMSIS/Device/ST/STM32F1xx/Include/stm32f1xx.h Drivers/CMSIS/Device/ST/STM32F1xx/Include/stm32f103xb.h Drivers/CMSIS/Include/core_cm3.h Drivers/CMSIS/Include/cmsis_version.h Drivers/CMSIS/Include/cmsis_compiler.h Drivers/CMSIS/Include/cmsis_gcc.h Drivers/CMSIS/Device/ST/STM32F1xx/Include/system_stm32f1xx.h Drivers/STM32F1xx_HAL_Driver/Inc/Legacy/stm32_hal_legacy.h Drivers/STM32F1xx_HAL_Driver/Inc/stm32f1xx_hal_rcc_ex.h Drivers/STM32F1xx_HAL_Driver/Inc/stm32f1xx_hal_gpio.h Drivers/STM32F1xx_HAL_Driver/Inc/stm32f1xx_hal_gpio_ex.h Drivers/STM32F1xx_HAL_Driver/Inc/stm32f1xx_hal_exti.h Drivers/STM32F1xx_HAL_Driver/Inc/stm32f1xx_hal_dma.h Drivers/STM32F1xx_HAL_Driver/Inc/stm32f1xx_hal_dma_ex.h Drivers/STM32F1xx_HAL_Driver/Inc/stm32f1xx_hal_cortex.h Drivers/STM32F1xx_HAL_Driver/Inc/stm32f1xx_hal_flash.h Drivers/STM32F1xx_HAL_Driver/Inc/stm32f1xx_hal_flash_ex.h Drivers/STM32F1xx_HAL_Driver/Inc/stm32f1xx_hal_pwr.h | build
#  Implicit rule search has been done.
#  Implicit/static pattern stem: 'stm32f1xx_hal_exti'
#  Last modified 2022-08-26 17:15:24.541715984
#  File has been updated.
#  Successfully updated.
#  recipe to execute (from 'Makefile', line 159):
	$(CC) -c $(CFLAGS) -Wa,-a,-ad,-alms=$(BUILD_DIR)/$(notdir $(<:.c=.lst)) $< -o $@

Drivers/STM32F1xx_HAL_Driver/Inc/stm32f1xx_hal.h:
#  Implicit rule search has been done.
#  Last modified 2022-08-26 16:54:09.655882289
#  File has been updated.
#  Successfully updated.

# Not a target:
build/stm32f1xx_hal_dma.d:
#  Implicit rule search has been done.
#  Last modified 2022-08-26 17:15:23.676711389
#  File has been updated.
#  Successfully updated.

Drivers/CMSIS/Include/cmsis_compiler.h:
#  Implicit rule search has been done.
#  Last modified 2022-08-26 16:54:09.683882454
#  File has been updated.
#  Successfully updated.

# Not a target:
Drivers/STM32F1xx_HAL_Driver/Src/stm32f1xx_hal_flash.c:
#  Implicit rule search has been done.
#  Last modified 2022-08-26 16:54:09.652882271
#  File has been updated.
#  Successfully updated.

# Not a target:
build/stm32f1xx_hal_rcc_ex.d:
#  Implicit rule search has been done.
#  Last modified 2022-08-26 17:15:23.325709525
#  File has been updated.
#  Successfully updated.

# Not a target:
build/stm32f1xx_hal_gpio.d:
#  Implicit rule search has been done.
#  Last modified 2022-08-26 17:15:23.480710348
#  File has been updated.
#  Successfully updated.

# Not a target:
build/system_stm32f1xx.d:
#  Implicit rule search has been done.
#  Last modified 2022-08-26 17:15:24.640716509
#  File has been updated.
#  Successfully updated.

# Not a target:
.DEFAULT:
#  Implicit rule search has not been done.
#  Modification time never checked.
#  File has not been updated.

build/system_stm32f1xx.o: Core/Src/system_stm32f1xx.c Makefile Core/Src/system_stm32f1xx.c Drivers/CMSIS/Device/ST/STM32F1xx/Include/stm32f1xx.h Drivers/CMSIS/Device/ST/STM32F1xx/Include/stm32f103xb.h Drivers/CMSIS/Include/core_cm3.h Drivers/CMSIS/Include/cmsis_version.h Drivers/CMSIS/Include/cmsis_compiler.h Drivers/CMSIS/Include/cmsis_gcc.h Drivers/CMSIS/Device/ST/STM32F1xx/Include/system_stm32f1xx.h Drivers/STM32F1xx_HAL_Driver/Inc/stm32f1xx_hal.h Core/Inc/stm32f1xx_hal_conf.h Drivers/STM32F1xx_HAL_Driver/Inc/stm32f1xx_hal_rcc.h Drivers/STM32F1xx_HAL_Driver/Inc/stm32f1xx_hal_def.h Drivers/STM32F1xx_HAL_Driver/Inc/Legacy/stm32_hal_legacy.h Drivers/STM32F1xx_HAL_Driver/Inc/stm32f1xx_hal_rcc_ex.h Drivers/STM32F1xx_HAL_Driver/Inc/stm32f1xx_hal_gpio.h Drivers/STM32F1xx_HAL_Driver/Inc/stm32f1xx_hal_gpio_ex.h Drivers/STM32F1xx_HAL_Driver/Inc/stm32f1xx_hal_exti.h Drivers/STM32F1xx_HAL_Driver/Inc/stm32f1xx_hal_dma.h Drivers/STM32F1xx_HAL_Driver/Inc/stm32f1xx_hal_dma_ex.h Drivers/STM32F1xx_HAL_Driver/Inc/stm32f1xx_hal_cortex.h Drivers/STM32F1xx_HAL_Driver/Inc/stm32f1xx_hal_flash.h Drivers/STM32F1xx_HAL_Driver/Inc/stm32f1xx_hal_flash_ex.h Drivers/STM32F1xx_HAL_Driver/Inc/stm32f1xx_hal_pwr.h | build
#  Implicit rule search has been done.
#  Implicit/static pattern stem: 'system_stm32f1xx'
#  Last modified 2022-08-26 17:15:24.655716589
#  File has been updated.
#  Successfully updated.
#  recipe to execute (from 'Makefile', line 159):
	$(CC) -c $(CFLAGS) -Wa,-a,-ad,-alms=$(BUILD_DIR)/$(notdir $(<:.c=.lst)) $< -o $@

all: build/GPIO_poolin.elf build/GPIO_poolin.hex build/GPIO_poolin.bin
#  Command line target.
#  Implicit rule search has been done.
#  File does not exist.
#  File has been updated.
#  Successfully updated.

Drivers/STM32F1xx_HAL_Driver/Inc/stm32f1xx_hal_gpio.h:
#  Implicit rule search has been done.
#  Last modified 2022-08-26 16:54:09.661882325
#  File has been updated.
#  Successfully updated.

# Not a target:
Drivers/STM32F1xx_HAL_Driver/Src/stm32f1xx_hal_rcc.c:
#  Implicit rule search has been done.
#  Last modified 2022-08-26 16:54:09.647882242
#  File has been updated.
#  Successfully updated.

build:
#  Implicit rule search has not been done.
#  Last modified 2022-08-26 17:15:24.830717519
#  File has been updated.
#  Successfully updated.
#  recipe to execute (from 'Makefile', line 175):
	mkdir $@		

# Not a target:
build/stm32f1xx_hal.d:
#  Implicit rule search has been done.
#  Last modified 2022-08-26 17:15:22.920707374
#  File has been updated.
#  Successfully updated.

Core/Inc/stm32f1xx_hal_conf.h:
#  Implicit rule search has been done.
#  Last modified 2022-08-26 16:54:06.986866538
#  File has been updated.
#  Successfully updated.

# Not a target:
build/stm32f1xx_hal_exti.d:
 
#  Implicit rule search has been done.
#  Last modified 2022-08-26 17:15:24.516715851
#  File has been updated.
#  Successfully updated.

# Not a target:
build/stm32f1xx_hal_rcc.d:
#  Implicit rule search has been done.
#  Last modified 2022-08-26 17:15:23.112708394
#  File has been updated.
#  Successfully updated.

# Not a target:
build/stm32f1xx_hal_gpio_ex.d:
#  Implicit rule search has been done.
#  Last modified 2022-08-26 17:15:22.651705945
#  File has been updated.
#  Successfully updated.

# Not a target:
build/main.d:
#  Implicit rule search has been done.
#  Last modified 2022-08-26 17:15:22.3607044
#  File has been updated.
#  Successfully updated.

# Not a target:
build/stm32f1xx_hal_tim.d:
#  Implicit rule search has been done.
#  Last modified 2022-08-26 17:15:22.726706344
#  File has been updated.
#  Successfully updated.

# Not a target:
build/stm32f1xx_hal_tim_ex.d:
#  Implicit rule search has been done.
#  Last modified 2022-08-26 17:15:22.804706758
#  File has been updated.
#  Successfully updated.

Drivers/STM32F1xx_HAL_Driver/Inc/stm32f1xx_hal_dma_ex.h:
#  Implicit rule search has been done.
#  Last modified 2022-08-26 16:54:09.66288233
#  File has been updated.
#  Successfully updated.

Drivers/STM32F1xx_HAL_Driver/Inc/stm32f1xx_hal_gpio_ex.h:
#  Implicit rule search has been done.
#  Last modified 2022-08-26 16:54:09.661882325
#  File has been updated.
#  Successfully updated.

Drivers/CMSIS/Device/ST/STM32F1xx/Include/system_stm32f1xx.h:
#  Implicit rule search has been done.
#  Last modified 2022-08-26 16:54:09.676882413
#  File has been updated.
#  Successfully updated.

# Not a target:
 
Drivers/STM32F1xx_HAL_Driver/Src/stm32f1xx_hal_rcc_ex.c:
#  Implicit rule search has been done.
 
#  Last modified 2022-08-26 16:54:09.648882248
#  File has been updated.
#  Successfully updated.

# Not a target:
Drivers/STM32F1xx_HAL_Driver/Src/stm32f1xx_hal_cortex.c:
#  Implicit rule search has been done.
#  Last modified 2022-08-26 16:54:09.651882265
#  File has been updated.
#  Successfully updated.

build/stm32f1xx_hal_rcc.o: Drivers/STM32F1xx_HAL_Driver/Src/stm32f1xx_hal_rcc.c Makefile Drivers/STM32F1xx_HAL_Driver/Src/stm32f1xx_hal_rcc.c Drivers/STM32F1xx_HAL_Driver/Inc/stm32f1xx_hal.h Core/Inc/stm32f1xx_hal_conf.h Drivers/STM32F1xx_HAL_Driver/Inc/stm32f1xx_hal_rcc.h Drivers/STM32F1xx_HAL_Driver/Inc/stm32f1xx_hal_def.h Drivers/CMSIS/Device/ST/STM32F1xx/Include/stm32f1xx.h Drivers/CMSIS/Device/ST/STM32F1xx/Include/stm32f103xb.h Drivers/CMSIS/Include/core_cm3.h Drivers/CMSIS/Include/cmsis_version.h Drivers/CMSIS/Include/cmsis_compiler.h Drivers/CMSIS/Include/cmsis_gcc.h Drivers/CMSIS/Device/ST/STM32F1xx/Include/system_stm32f1xx.h Drivers/STM32F1xx_HAL_Driver/Inc/Legacy/stm32_hal_legacy.h Drivers/STM32F1xx_HAL_Driver/Inc/stm32f1xx_hal_rcc_ex.h Drivers/STM32F1xx_HAL_Driver/Inc/stm32f1xx_hal_gpio.h Drivers/STM32F1xx_HAL_Driver/Inc/stm32f1xx_hal_gpio_ex.h Drivers/STM32F1xx_HAL_Driver/Inc/stm32f1xx_hal_exti.h Drivers/STM32F1xx_HAL_Driver/Inc/stm32f1xx_hal_dma.h Drivers/STM32F1xx_HAL_Driver/Inc/stm32f1xx_hal_dma_ex.h Drivers/STM32F1xx_HAL_Driver/Inc/stm32f1xx_hal_cortex.h Drivers/STM32F1xx_HAL_Driver/Inc/stm32f1xx_hal_flash.h Drivers/STM32F1xx_HAL_Driver/Inc/stm32f1xx_hal_flash_ex.h Drivers/STM32F1xx_HAL_Driver/Inc/stm32f1xx_hal_pwr.h | build
#  Implicit rule search has been done.
#  Implicit/static pattern stem: 'stm32f1xx_hal_rcc'
#  Last modified 2022-08-26 17:15:23.203708877
#  File has been updated.
#  Successfully updated.
#  recipe to execute (from 'Makefile', line 159):
	$(CC) -c $(CFLAGS) -Wa,-a,-ad,-alms=$(BUILD_DIR)/$(notdir $(<:.c=.lst)) $< -o $@

# Not a target:
Core/Src/main.c:
#  Implicit rule search has been done.
#  Last modified 2022-08-26 17:15:10.205639838
#  File has been updated.
#  Successfully updated.

build/stm32f1xx_hal_flash_ex.o: Drivers/STM32F1xx_HAL_Driver/Src/stm32f1xx_hal_flash_ex.c Makefile Drivers/STM32F1xx_HAL_Driver/Src/stm32f1xx_hal_flash_ex.c Drivers/STM32F1xx_HAL_Driver/Inc/stm32f1xx_hal.h Core/Inc/stm32f1xx_hal_conf.h Drivers/STM32F1xx_HAL_Driver/Inc/stm32f1xx_hal_rcc.h Drivers/STM32F1xx_HAL_Driver/Inc/stm32f1xx_hal_def.h Drivers/CMSIS/Device/ST/STM32F1xx/Include/stm32f1xx.h Drivers/CMSIS/Device/ST/STM32F1xx/Include/stm32f103xb.h Drivers/CMSIS/Include/core_cm3.h Drivers/CMSIS/Include/cmsis_version.h Drivers/CMSIS/Include/cmsis_compiler.h Drivers/CMSIS/Include/cmsis_gcc.h Drivers/CMSIS/Device/ST/STM32F1xx/Include/system_stm32f1xx.h Drivers/STM32F1xx_HAL_Driver/Inc/Legacy/stm32_hal_legacy.h Drivers/STM32F1xx_HAL_Driver/Inc/stm32f1xx_hal_rcc_ex.h Drivers/STM32F1xx_HAL_Driver/Inc/stm32f1xx_hal_gpio.h Drivers/STM32F1xx_HAL_Driver/Inc/stm32f1xx_hal_gpio_ex.h Drivers/STM32F1xx_HAL_Driver/Inc/stm32f1xx_hal_exti.h Drivers/STM32F1xx_HAL_Driver/Inc/stm32f1xx_hal_dma.h Drivers/STM32F1xx_HAL_Driver/Inc/stm32f1xx_hal_dma_ex.h Drivers/STM32F1xx_HAL_Driver/Inc/stm32f1xx_hal_cortex.h Drivers/STM32F1xx_HAL_Driver/Inc/stm32f1xx_hal_flash.h Drivers/STM32F1xx_HAL_Driver/Inc/stm32f1xx_hal_flash_ex.h Drivers/STM32F1xx_HAL_Driver/Inc/stm32f1xx_hal_pwr.h | build
#  Implicit rule search has been done.
#  Implicit/static pattern stem: 'stm32f1xx_hal_flash_ex'
#  Last modified 2022-08-26 17:15:24.406715267
#  File has been updated.
#  Successfully updated.
#  recipe to execute (from 'Makefile', line 159):
	$(CC) -c $(CFLAGS) -Wa,-a,-ad,-alms=$(BUILD_DIR)/$(notdir $(<:.c=.lst)) $< -o $@

build/stm32f1xx_hal_dma.o: Drivers/STM32F1xx_HAL_Driver/Src/stm32f1xx_hal_dma.c Makefile Drivers/STM32F1xx_HAL_Driver/Src/stm32f1xx_hal_dma.c Drivers/STM32F1xx_HAL_Driver/Inc/stm32f1xx_hal.h Core/Inc/stm32f1xx_hal_conf.h Drivers/STM32F1xx_HAL_Driver/Inc/stm32f1xx_hal_rcc.h Drivers/STM32F1xx_HAL_Driver/Inc/stm32f1xx_hal_def.h Drivers/CMSIS/Device/ST/STM32F1xx/Include/stm32f1xx.h Drivers/CMSIS/Device/ST/STM32F1xx/Include/stm32f103xb.h Drivers/CMSIS/Include/core_cm3.h Drivers/CMSIS/Include/cmsis_version.h Drivers/CMSIS/Include/cmsis_compiler.h Drivers/CMSIS/Include/cmsis_gcc.h Drivers/CMSIS/Device/ST/STM32F1xx/Include/system_stm32f1xx.h Drivers/STM32F1xx_HAL_Driver/Inc/Legacy/stm32_hal_legacy.h Drivers/STM32F1xx_HAL_Driver/Inc/stm32f1xx_hal_rcc_ex.h Drivers/STM32F1xx_HAL_Driver/Inc/stm32f1xx_hal_gpio.h Drivers/STM32F1xx_HAL_Driver/Inc/stm32f1xx_hal_gpio_ex.h Drivers/STM32F1xx_HAL_Driver/Inc/stm32f1xx_hal_exti.h Drivers/STM32F1xx_HAL_Driver/Inc/stm32f1xx_hal_dma.h Drivers/STM32F1xx_HAL_Driver/Inc/stm32f1xx_hal_dma_ex.h Drivers/STM32F1xx_HAL_Driver/Inc/stm32f1xx_hal_cortex.h Drivers/STM32F1xx_HAL_Driver/Inc/stm32f1xx_hal_flash.h Drivers/STM32F1xx_HAL_Driver/Inc/stm32f1xx_hal_flash_ex.h Drivers/STM32F1xx_HAL_Driver/Inc/stm32f1xx_hal_pwr.h | build
#  Implicit rule search has been done.
#  Implicit/static pattern stem: 'stm32f1xx_hal_dma'
#  Last modified 2022-08-26 17:15:23.741711735
#  File has been updated.
#  Successfully updated.
#  recipe to execute (from 'Makefile', line 159):
	$(CC) -c $(CFLAGS) -Wa,-a,-ad,-alms=$(BUILD_DIR)/$(notdir $(<:.c=.lst)) $< -o $@

# Not a target:
Drivers/STM32F1xx_HAL_Driver/Src/stm32f1xx_hal_flash_ex.c:
#  Implicit rule search has been done.
#  Last modified 2022-08-26 16:54:09.653882277
#  File has been updated.
#  Successfully updated.

# Not a target:
Drivers/STM32F1xx_HAL_Driver/Src/stm32f1xx_hal_gpio.c:
#  Implicit rule search has been done.
#  Last modified 2022-08-26 16:54:09.649882254
#  File has been updated.
#  Successfully updated.

# Not a target:
build/stm32f1xx_hal_msp.d:
#  Implicit rule search has been done.
#  Last modified 2022-08-26 17:15:22.560705462
#  File has been updated.
#  Successfully updated.

Drivers/CMSIS/Include/cmsis_gcc.h:
#  Implicit rule search has been done.
#  Last modified 2022-08-26 16:54:09.685882466
#  File has been updated.
#  Successfully updated.

Drivers/STM32F1xx_HAL_Driver/Inc/stm32f1xx_hal_pwr.h:
#  Implicit rule search has been done.
#  Last modified 2022-08-26 16:54:09.665882348
#  File has been updated.
#  Successfully updated.

# Not a target:
Drivers/STM32F1xx_HAL_Driver/Src/stm32f1xx_hal_pwr.c:
#  Implicit rule search has been done.
#  Last modified 2022-08-26 16:54:09.651882265
#  File has been updated.
#  Successfully updated.

# Not a target:
build/stm32f1xx_it.d:
#  Implicit rule search has been done.
#  Last modified 2022-08-26 17:15:22.465704957
#  File has been updated.
#  Successfully updated.

Drivers/STM32F1xx_HAL_Driver/Inc/stm32f1xx_hal_flash_ex.h:
#  Implicit rule search has been done.
#  Last modified 2022-08-26 16:54:09.666882354
#  File has been updated.
#  Successfully updated.

build/stm32f1xx_hal_flash.o: Drivers/STM32F1xx_HAL_Driver/Src/stm32f1xx_hal_flash.c Makefile Drivers/STM32F1xx_HAL_Driver/Src/stm32f1xx_hal_flash.c Drivers/STM32F1xx_HAL_Driver/Inc/stm32f1xx_hal.h Core/Inc/stm32f1xx_hal_conf.h Drivers/STM32F1xx_HAL_Driver/Inc/stm32f1xx_hal_rcc.h Drivers/STM32F1xx_HAL_Driver/Inc/stm32f1xx_hal_def.h Drivers/CMSIS/Device/ST/STM32F1xx/Include/stm32f1xx.h Drivers/CMSIS/Device/ST/STM32F1xx/Include/stm32f103xb.h Drivers/CMSIS/Include/core_cm3.h Drivers/CMSIS/Include/cmsis_version.h Drivers/CMSIS/Include/cmsis_compiler.h Drivers/CMSIS/Include/cmsis_gcc.h Drivers/CMSIS/Device/ST/STM32F1xx/Include/system_stm32f1xx.h Drivers/STM32F1xx_HAL_Driver/Inc/Legacy/stm32_hal_legacy.h Drivers/STM32F1xx_HAL_Driver/Inc/stm32f1xx_hal_rcc_ex.h Drivers/STM32F1xx_HAL_Driver/Inc/stm32f1xx_hal_gpio.h Drivers/STM32F1xx_HAL_Driver/Inc/stm32f1xx_hal_gpio_ex.h Drivers/STM32F1xx_HAL_Driver/Inc/stm32f1xx_hal_exti.h Drivers/STM32F1xx_HAL_Driver/Inc/stm32f1xx_hal_dma.h Drivers/STM32F1xx_HAL_Driver/Inc/stm32f1xx_hal_dma_ex.h Drivers/STM32F1xx_HAL_Driver/Inc/stm32f1xx_hal_cortex.h Drivers/STM32F1xx_HAL_Driver/Inc/stm32f1xx_hal_flash.h Drivers/STM32F1xx_HAL_Driver/Inc/stm32f1xx_hal_flash_ex.h Drivers/STM32F1xx_HAL_Driver/Inc/stm32f1xx_hal_pwr.h | build
#  Implicit rule search has been done.
#  Implicit/static pattern stem: 'stm32f1xx_hal_flash'
#  Last modified 2022-08-26 17:15:24.199714167
#  File has been updated.
#  Successfully updated.
#  recipe to execute (from 'Makefile', line 159):
	$(CC) -c $(CFLAGS) -Wa,-a,-ad,-alms=$(BUILD_DIR)/$(notdir $(<:.c=.lst)) $< -o $@

# Not a target:
Core/Src/stm32f1xx_it.c:
#  Implicit rule search has been done.
#  Last modified 2022-08-26 16:54:05.599
#  File has been updated.
#  Successfully updated.

# Not a target:
build/stm32f1xx_hal_pwr.d:
#  Implicit rule search has been done.
#  Last modified 2022-08-26 17:15:24.004713132
#  File has been updated.
#  Successfully updated.

Core/Inc/stm32f1xx_it.h:
#  Implicit rule search has been done.
#  Last modified 2022-08-26 16:54:05.943
#  File has been updated.
#  Successfully updated.

build/main.o: Core/Src/main.c Makefile Core/Src/main.c Core/Inc/main.h Drivers/STM32F1xx_HAL_Driver/Inc/stm32f1xx_hal.h Core/Inc/stm32f1xx_hal_conf.h Drivers/STM32F1xx_HAL_Driver/Inc/stm32f1xx_hal_rcc.h Drivers/STM32F1xx_HAL_Driver/Inc/stm32f1xx_hal_def.h Drivers/CMSIS/Device/ST/STM32F1xx/Include/stm32f1xx.h Drivers/CMSIS/Device/ST/STM32F1xx/Include/stm32f103xb.h Drivers/CMSIS/Include/core_cm3.h Drivers/CMSIS/Include/cmsis_version.h Drivers/CMSIS/Include/cmsis_compiler.h Drivers/CMSIS/Include/cmsis_gcc.h Drivers/CMSIS/Device/ST/STM32F1xx/Include/system_stm32f1xx.h Drivers/STM32F1xx_HAL_Driver/Inc/Legacy/stm32_hal_legacy.h Drivers/STM32F1xx_HAL_Driver/Inc/stm32f1xx_hal_rcc_ex.h Drivers/STM32F1xx_HAL_Driver/Inc/stm32f1xx_hal_gpio.h Drivers/STM32F1xx_HAL_Driver/Inc/stm32f1xx_hal_gpio_ex.h Drivers/STM32F1xx_HAL_Driver/Inc/stm32f1xx_hal_exti.h Drivers/STM32F1xx_HAL_Driver/Inc/stm32f1xx_hal_dma.h Drivers/STM32F1xx_HAL_Driver/Inc/stm32f1xx_hal_dma_ex.h Drivers/STM32F1xx_HAL_Driver/Inc/stm32f1xx_hal_cortex.h Drivers/STM32F1xx_HAL_Driver/Inc/stm32f1xx_hal_flash.h Drivers/STM32F1xx_HAL_Driver/Inc/stm32f1xx_hal_flash_ex.h Drivers/STM32F1xx_HAL_Driver/Inc/stm32f1xx_hal_pwr.h | build
#  Implicit rule search has been done.
#  Implicit/static pattern stem: 'main'
#  Last modified 2022-08-26 17:15:22.389704554
#  File has been updated.
#  Successfully updated.
#  recipe to execute (from 'Makefile', line 159):
	$(CC) -c $(CFLAGS) -Wa,-a,-ad,-alms=$(BUILD_DIR)/$(notdir $(<:.c=.lst)) $< -o $@

build/stm32f1xx_hal_gpio_ex.o: Drivers/STM32F1xx_HAL_Driver/Src/stm32f1xx_hal_gpio_ex.c Makefile Drivers/STM32F1xx_HAL_Driver/Src/stm32f1xx_hal_gpio_ex.c Drivers/STM32F1xx_HAL_Driver/Inc/stm32f1xx_hal.h Core/Inc/stm32f1xx_hal_conf.h Drivers/STM32F1xx_HAL_Driver/Inc/stm32f1xx_hal_rcc.h Drivers/STM32F1xx_HAL_Driver/Inc/stm32f1xx_hal_def.h Drivers/CMSIS/Device/ST/STM32F1xx/Include/stm32f1xx.h Drivers/CMSIS/Device/ST/STM32F1xx/Include/stm32f103xb.h Drivers/CMSIS/Include/core_cm3.h Drivers/CMSIS/Include/cmsis_version.h Drivers/CMSIS/Include/cmsis_compiler.h Drivers/CMSIS/Include/cmsis_gcc.h Drivers/CMSIS/Device/ST/STM32F1xx/Include/system_stm32f1xx.h Drivers/STM32F1xx_HAL_Driver/Inc/Legacy/stm32_hal_legacy.h Drivers/STM32F1xx_HAL_Driver/Inc/stm32f1xx_hal_rcc_ex.h Drivers/STM32F1xx_HAL_Driver/Inc/stm32f1xx_hal_gpio.h Drivers/STM32F1xx_HAL_Driver/Inc/stm32f1xx_hal_gpio_ex.h Drivers/STM32F1xx_HAL_Driver/Inc/stm32f1xx_hal_exti.h Drivers/STM32F1xx_HAL_Driver/Inc/stm32f1xx_hal_dma.h Drivers/STM32F1xx_HAL_Driver/Inc/stm32f1xx_hal_dma_ex.h Drivers/STM32F1xx_HAL_Driver/Inc/stm32f1xx_hal_cortex.h Drivers/STM32F1xx_HAL_Driver/Inc/stm32f1xx_hal_flash.h Drivers/STM32F1xx_HAL_Driver/Inc/stm32f1xx_hal_flash_ex.h Drivers/STM32F1xx_HAL_Driver/Inc/stm32f1xx_hal_pwr.h | build
#  Implicit rule search has been done.
#  Implicit/static pattern stem: 'stm32f1xx_hal_gpio_ex'
#  Last modified 2022-08-26 17:15:22.660705993
#  File has been updated.
#  Successfully updated.
#  recipe to execute (from 'Makefile', line 159):
	$(CC) -c $(CFLAGS) -Wa,-a,-ad,-alms=$(BUILD_DIR)/$(notdir $(<:.c=.lst)) $< -o $@

# Not a target:
build/startup_stm32f103xb.d:
#  Implicit rule search has been done.
#  Last modified 2022-08-26 17:15:24.675716695
#  File has been updated.
#  Successfully updated.

build/GPIO_poolin.elf: build/main.o build/stm32f1xx_it.o build/stm32f1xx_hal_msp.o build/stm32f1xx_hal_gpio_ex.o build/stm32f1xx_hal_tim.o build/stm32f1xx_hal_tim_ex.o build/stm32f1xx_hal.o build/stm32f1xx_hal_rcc.o build/stm32f1xx_hal_rcc_ex.o build/stm32f1xx_hal_gpio.o build/stm32f1xx_hal_dma.o build/stm32f1xx_hal_cortex.o build/stm32f1xx_hal_pwr.o build/stm32f1xx_hal_flash.o build/stm32f1xx_hal_flash_ex.o build/stm32f1xx_hal_exti.o build/system_stm32f1xx.o build/startup_stm32f103xb.o Makefile
#  Implicit rule search has not been done.
#  Last modified 2022-08-26 17:15:24.813717428
#  File has been updated.
#  Successfully updated.
#  recipe to execute (from 'Makefile', line 165):
	$(CC) $(OBJECTS) $(LDFLAGS) -o $@
	$(SZ) $@

build/stm32f1xx_it.o: Core/Src/stm32f1xx_it.c Makefile Core/Src/stm32f1xx_it.c Core/Inc/main.h Drivers/STM32F1xx_HAL_Driver/Inc/stm32f1xx_hal.h Core/Inc/stm32f1xx_hal_conf.h Drivers/STM32F1xx_HAL_Driver/Inc/stm32f1xx_hal_rcc.h Drivers/STM32F1xx_HAL_Driver/Inc/stm32f1xx_hal_def.h Drivers/CMSIS/Device/ST/STM32F1xx/Include/stm32f1xx.h Drivers/CMSIS/Device/ST/STM32F1xx/Include/stm32f103xb.h Drivers/CMSIS/Include/core_cm3.h Drivers/CMSIS/Include/cmsis_version.h Drivers/CMSIS/Include/cmsis_compiler.h Drivers/CMSIS/Include/cmsis_gcc.h Drivers/CMSIS/Device/ST/STM32F1xx/Include/system_stm32f1xx.h Drivers/STM32F1xx_HAL_Driver/Inc/Legacy/stm32_hal_legacy.h Drivers/STM32F1xx_HAL_Driver/Inc/stm32f1xx_hal_rcc_ex.h Drivers/STM32F1xx_HAL_Driver/Inc/stm32f1xx_hal_gpio.h Drivers/STM32F1xx_HAL_Driver/Inc/stm32f1xx_hal_gpio_ex.h Drivers/STM32F1xx_HAL_Driver/Inc/stm32f1xx_hal_exti.h Drivers/STM32F1xx_HAL_Driver/Inc/stm32f1xx_hal_dma.h Drivers/STM32F1xx_HAL_Driver/Inc/stm32f1xx_hal_dma_ex.h Drivers/STM32F1xx_HAL_Driver/Inc/stm32f1xx_hal_cortex.h Drivers/STM32F1xx_HAL_Driver/Inc/stm32f1xx_hal_flash.h Drivers/STM32F1xx_HAL_Driver/Inc/stm32f1xx_hal_flash_ex.h Drivers/STM32F1xx_HAL_Driver/Inc/stm32f1xx_hal_pwr.h Core/Inc/stm32f1xx_it.h | build
#  Implicit rule search has been done.
#  Implicit/static pattern stem: 'stm32f1xx_it'
#  Last modified 2022-08-26 17:15:22.478705026
#  File has been updated.
#  Successfully updated.
#  recipe to execute (from 'Makefile', line 159):
	$(CC) -c $(CFLAGS) -Wa,-a,-ad,-alms=$(BUILD_DIR)/$(notdir $(<:.c=.lst)) $< -o $@

Drivers/CMSIS/Include/cmsis_version.h:
#  Implicit rule search has been done.
#  Last modified 2022-08-26 16:54:09.686882472
#  File has been updated.
#  Successfully updated.

Drivers/STM32F1xx_HAL_Driver/Inc/stm32f1xx_hal_rcc_ex.h:
#  Implicit rule search has been done.
#  Last modified 2022-08-26 16:54:09.655882289
#  File has been updated.
#  Successfully updated.

build/GPIO_poolin.bin: build/GPIO_poolin.elf | build
#  Implicit rule search has been done.
#  Implicit/static pattern stem: 'GPIO_poolin'
#  Last modified 2022-08-26 17:15:24.830717519
#  File has been updated.
#  Successfully updated.
#  recipe to execute (from 'Makefile', line 172):
	$(BIN) $< $@	
	

build/startup_stm32f103xb.o: startup_stm32f103xb.s Makefile startup_stm32f103xb.s | build
#  Implicit rule search has been done.
#  Implicit/static pattern stem: 'startup_stm32f103xb'
#  Last modified 2022-08-26 17:15:24.682716732
#  File has been updated.
#  Successfully updated.
#  recipe to execute (from 'Makefile', line 162):
	$(AS) -c $(CFLAGS) $< -o $@

# files hash-table stats:
# Load=87/1024=8%, Rehash=0, Collisions=51/1215=4%
# VPATH Search Paths

vpath %.c Core/Src:Drivers/STM32F1xx_HAL_Driver/Src

# 1 'vpath' search paths.

# No general ('VPATH' variable) search path.

# strcache buffers: 1 (0) / strings = 201 / storage = 5105 B / avg = 25 B
# current buf: size = 8162 B / used = 5105 B / count = 201 / avg = 25 B

# strcache performance: lookups = 1547 / hit rate = 87%
# hash-table stats:
# Load=201/8192=2%, Rehash=0, Collisions=1/1547=0%
# Finished Make data base on Fri Aug 26 20:01:23 2022

 
