ARM GAS  /tmp/ccXgt8KQ.s 			page 1


   1              		.cpu cortex-m3
   2              		.eabi_attribute 20, 1
   3              		.eabi_attribute 21, 1
   4              		.eabi_attribute 23, 3
   5              		.eabi_attribute 24, 1
   6              		.eabi_attribute 25, 1
   7              		.eabi_attribute 26, 1
   8              		.eabi_attribute 30, 1
   9              		.eabi_attribute 34, 1
  10              		.eabi_attribute 18, 4
  11              		.file	"main.c"
  12              		.text
  13              	.Ltext0:
  14              		.cfi_sections	.debug_frame
  15              		.section	.text.MX_GPIO_Init,"ax",%progbits
  16              		.align	1
  17              		.arch armv7-m
  18              		.syntax unified
  19              		.thumb
  20              		.thumb_func
  21              		.fpu softvfp
  23              	MX_GPIO_Init:
  24              	.LFB67:
  25              		.file 1 "Core/Src/main.c"
   1:Core/Src/main.c **** /* USER CODE BEGIN Header */
   2:Core/Src/main.c **** /**
   3:Core/Src/main.c ****   ******************************************************************************
   4:Core/Src/main.c ****   * @file           : main.c
   5:Core/Src/main.c ****   * @brief          : Main program body
   6:Core/Src/main.c ****   ******************************************************************************
   7:Core/Src/main.c ****   * @attention
   8:Core/Src/main.c ****   *
   9:Core/Src/main.c ****   * Copyright (c) 2022 STMicroelectronics.
  10:Core/Src/main.c ****   * All rights reserved.
  11:Core/Src/main.c ****   *
  12:Core/Src/main.c ****   * This software is licensed under terms that can be found in the LICENSE file
  13:Core/Src/main.c ****   * in the root directory of this software component.
  14:Core/Src/main.c ****   * If no LICENSE file comes with this software, it is provided AS-IS.
  15:Core/Src/main.c ****   *
  16:Core/Src/main.c ****   ******************************************************************************
  17:Core/Src/main.c ****   */
  18:Core/Src/main.c **** /* USER CODE END Header */
  19:Core/Src/main.c **** /* Includes ------------------------------------------------------------------*/
  20:Core/Src/main.c **** #include "main.h"
  21:Core/Src/main.c **** 
  22:Core/Src/main.c **** /* Private includes ----------------------------------------------------------*/
  23:Core/Src/main.c **** /* USER CODE BEGIN Includes */
  24:Core/Src/main.c **** 
  25:Core/Src/main.c **** /* USER CODE END Includes */
  26:Core/Src/main.c **** 
  27:Core/Src/main.c **** /* Private typedef -----------------------------------------------------------*/
  28:Core/Src/main.c **** /* USER CODE BEGIN PTD */
  29:Core/Src/main.c **** 
  30:Core/Src/main.c **** /* USER CODE END PTD */
  31:Core/Src/main.c **** 
  32:Core/Src/main.c **** /* Private define ------------------------------------------------------------*/
  33:Core/Src/main.c **** /* USER CODE BEGIN PD */
ARM GAS  /tmp/ccXgt8KQ.s 			page 2


  34:Core/Src/main.c **** /* USER CODE END PD */
  35:Core/Src/main.c **** 
  36:Core/Src/main.c **** /* Private macro -------------------------------------------------------------*/
  37:Core/Src/main.c **** /* USER CODE BEGIN PM */
  38:Core/Src/main.c **** 
  39:Core/Src/main.c **** /* USER CODE END PM */
  40:Core/Src/main.c **** 
  41:Core/Src/main.c **** /* Private variables ---------------------------------------------------------*/
  42:Core/Src/main.c **** 
  43:Core/Src/main.c **** /* USER CODE BEGIN PV */
  44:Core/Src/main.c **** 
  45:Core/Src/main.c **** /* USER CODE END PV */
  46:Core/Src/main.c **** 
  47:Core/Src/main.c **** /* Private function prototypes -----------------------------------------------*/
  48:Core/Src/main.c **** void SystemClock_Config(void);
  49:Core/Src/main.c **** static void MX_GPIO_Init(void);
  50:Core/Src/main.c **** /* USER CODE BEGIN PFP */
  51:Core/Src/main.c **** 
  52:Core/Src/main.c **** /* USER CODE END PFP */
  53:Core/Src/main.c **** 
  54:Core/Src/main.c **** /* Private user code ---------------------------------------------------------*/
  55:Core/Src/main.c **** /* USER CODE BEGIN 0 */
  56:Core/Src/main.c **** 
  57:Core/Src/main.c **** /* USER CODE END 0 */
  58:Core/Src/main.c **** 
  59:Core/Src/main.c **** /**
  60:Core/Src/main.c ****   * @brief  The application entry point.
  61:Core/Src/main.c ****   * @retval int
  62:Core/Src/main.c ****   */
  63:Core/Src/main.c **** int main(void)
  64:Core/Src/main.c **** {
  65:Core/Src/main.c ****   /* USER CODE BEGIN 1 */
  66:Core/Src/main.c **** 
  67:Core/Src/main.c ****   /* USER CODE END 1 */
  68:Core/Src/main.c **** 
  69:Core/Src/main.c ****   /* MCU Configuration--------------------------------------------------------*/
  70:Core/Src/main.c **** 
  71:Core/Src/main.c ****   /* Reset of all peripherals, Initializes the Flash interface and the Systick. */
  72:Core/Src/main.c ****   HAL_Init();
  73:Core/Src/main.c **** 
  74:Core/Src/main.c ****   /* USER CODE BEGIN Init */
  75:Core/Src/main.c **** 
  76:Core/Src/main.c ****   /* USER CODE END Init */
  77:Core/Src/main.c **** 
  78:Core/Src/main.c ****   /* Configure the system clock */
  79:Core/Src/main.c ****   SystemClock_Config();
  80:Core/Src/main.c **** 
  81:Core/Src/main.c ****   /* USER CODE BEGIN SysInit */
  82:Core/Src/main.c **** 
  83:Core/Src/main.c ****   /* USER CODE END SysInit */
  84:Core/Src/main.c **** 
  85:Core/Src/main.c ****   /* Initialize all configured peripherals */
  86:Core/Src/main.c ****   MX_GPIO_Init();
  87:Core/Src/main.c ****   /* USER CODE BEGIN 2 */
  88:Core/Src/main.c **** 
  89:Core/Src/main.c ****   /* USER CODE END 2 */
  90:Core/Src/main.c **** 
ARM GAS  /tmp/ccXgt8KQ.s 			page 3


  91:Core/Src/main.c ****   /* Infinite loop */
  92:Core/Src/main.c ****   /* USER CODE BEGIN WHILE */
  93:Core/Src/main.c ****   while (1)
  94:Core/Src/main.c ****   {
  95:Core/Src/main.c ****     /* USER CODE END WHILE */
  96:Core/Src/main.c **** 
  97:Core/Src/main.c ****     /* USER CODE BEGIN 3 */
  98:Core/Src/main.c ****   }
  99:Core/Src/main.c ****   /* USER CODE END 3 */
 100:Core/Src/main.c **** }
 101:Core/Src/main.c **** 
 102:Core/Src/main.c **** /**
 103:Core/Src/main.c ****   * @brief System Clock Configuration
 104:Core/Src/main.c ****   * @retval None
 105:Core/Src/main.c ****   */
 106:Core/Src/main.c **** void SystemClock_Config(void)
 107:Core/Src/main.c **** {
 108:Core/Src/main.c ****   RCC_OscInitTypeDef RCC_OscInitStruct = {0};
 109:Core/Src/main.c ****   RCC_ClkInitTypeDef RCC_ClkInitStruct = {0};
 110:Core/Src/main.c **** 
 111:Core/Src/main.c ****   /** Initializes the RCC Oscillators according to the specified parameters
 112:Core/Src/main.c ****   * in the RCC_OscInitTypeDef structure.
 113:Core/Src/main.c ****   */
 114:Core/Src/main.c ****   RCC_OscInitStruct.OscillatorType = RCC_OSCILLATORTYPE_HSE;
 115:Core/Src/main.c ****   RCC_OscInitStruct.HSEState = RCC_HSE_ON;
 116:Core/Src/main.c ****   RCC_OscInitStruct.HSEPredivValue = RCC_HSE_PREDIV_DIV1;
 117:Core/Src/main.c ****   RCC_OscInitStruct.HSIState = RCC_HSI_ON;
 118:Core/Src/main.c ****   RCC_OscInitStruct.PLL.PLLState = RCC_PLL_ON;
 119:Core/Src/main.c ****   RCC_OscInitStruct.PLL.PLLSource = RCC_PLLSOURCE_HSE;
 120:Core/Src/main.c ****   RCC_OscInitStruct.PLL.PLLMUL = RCC_PLL_MUL9;
 121:Core/Src/main.c ****   if (HAL_RCC_OscConfig(&RCC_OscInitStruct) != HAL_OK)
 122:Core/Src/main.c ****   {
 123:Core/Src/main.c ****     Error_Handler();
 124:Core/Src/main.c ****   }
 125:Core/Src/main.c **** 
 126:Core/Src/main.c ****   /** Initializes the CPU, AHB and APB buses clocks
 127:Core/Src/main.c ****   */
 128:Core/Src/main.c ****   RCC_ClkInitStruct.ClockType = RCC_CLOCKTYPE_HCLK|RCC_CLOCKTYPE_SYSCLK
 129:Core/Src/main.c ****                               |RCC_CLOCKTYPE_PCLK1|RCC_CLOCKTYPE_PCLK2;
 130:Core/Src/main.c ****   RCC_ClkInitStruct.SYSCLKSource = RCC_SYSCLKSOURCE_PLLCLK;
 131:Core/Src/main.c ****   RCC_ClkInitStruct.AHBCLKDivider = RCC_SYSCLK_DIV1;
 132:Core/Src/main.c ****   RCC_ClkInitStruct.APB1CLKDivider = RCC_HCLK_DIV2;
 133:Core/Src/main.c ****   RCC_ClkInitStruct.APB2CLKDivider = RCC_HCLK_DIV1;
 134:Core/Src/main.c **** 
 135:Core/Src/main.c ****   if (HAL_RCC_ClockConfig(&RCC_ClkInitStruct, FLASH_LATENCY_2) != HAL_OK)
 136:Core/Src/main.c ****   {
 137:Core/Src/main.c ****     Error_Handler();
 138:Core/Src/main.c ****   }
 139:Core/Src/main.c **** }
 140:Core/Src/main.c **** 
 141:Core/Src/main.c **** /**
 142:Core/Src/main.c ****   * @brief GPIO Initialization Function
 143:Core/Src/main.c ****   * @param None
 144:Core/Src/main.c ****   * @retval None
 145:Core/Src/main.c ****   */
 146:Core/Src/main.c **** static void MX_GPIO_Init(void)
 147:Core/Src/main.c **** {
ARM GAS  /tmp/ccXgt8KQ.s 			page 4


  26              		.loc 1 147 1 view -0
  27              		.cfi_startproc
  28              		@ args = 0, pretend = 0, frame = 32
  29              		@ frame_needed = 0, uses_anonymous_args = 0
  30 0000 70B5     		push	{r4, r5, r6, lr}
  31              	.LCFI0:
  32              		.cfi_def_cfa_offset 16
  33              		.cfi_offset 4, -16
  34              		.cfi_offset 5, -12
  35              		.cfi_offset 6, -8
  36              		.cfi_offset 14, -4
  37 0002 88B0     		sub	sp, sp, #32
  38              	.LCFI1:
  39              		.cfi_def_cfa_offset 48
 148:Core/Src/main.c ****   GPIO_InitTypeDef GPIO_InitStruct = {0};
  40              		.loc 1 148 3 view .LVU1
  41              		.loc 1 148 20 is_stmt 0 view .LVU2
  42 0004 0024     		movs	r4, #0
  43 0006 0494     		str	r4, [sp, #16]
  44 0008 0594     		str	r4, [sp, #20]
  45 000a 0694     		str	r4, [sp, #24]
  46 000c 0794     		str	r4, [sp, #28]
 149:Core/Src/main.c **** 
 150:Core/Src/main.c ****   /* GPIO Ports Clock Enable */
 151:Core/Src/main.c ****   __HAL_RCC_GPIOC_CLK_ENABLE();
  47              		.loc 1 151 3 is_stmt 1 view .LVU3
  48              	.LBB4:
  49              		.loc 1 151 3 view .LVU4
  50              		.loc 1 151 3 view .LVU5
  51 000e 204B     		ldr	r3, .L3
  52 0010 9A69     		ldr	r2, [r3, #24]
  53 0012 42F01002 		orr	r2, r2, #16
  54 0016 9A61     		str	r2, [r3, #24]
  55              		.loc 1 151 3 view .LVU6
  56 0018 9A69     		ldr	r2, [r3, #24]
  57 001a 02F01002 		and	r2, r2, #16
  58 001e 0192     		str	r2, [sp, #4]
  59              		.loc 1 151 3 view .LVU7
  60 0020 019A     		ldr	r2, [sp, #4]
  61              	.LBE4:
  62              		.loc 1 151 3 view .LVU8
 152:Core/Src/main.c ****   __HAL_RCC_GPIOD_CLK_ENABLE();
  63              		.loc 1 152 3 view .LVU9
  64              	.LBB5:
  65              		.loc 1 152 3 view .LVU10
  66              		.loc 1 152 3 view .LVU11
  67 0022 9A69     		ldr	r2, [r3, #24]
  68 0024 42F02002 		orr	r2, r2, #32
  69 0028 9A61     		str	r2, [r3, #24]
  70              		.loc 1 152 3 view .LVU12
  71 002a 9A69     		ldr	r2, [r3, #24]
  72 002c 02F02002 		and	r2, r2, #32
  73 0030 0292     		str	r2, [sp, #8]
  74              		.loc 1 152 3 view .LVU13
  75 0032 029A     		ldr	r2, [sp, #8]
  76              	.LBE5:
  77              		.loc 1 152 3 view .LVU14
ARM GAS  /tmp/ccXgt8KQ.s 			page 5


 153:Core/Src/main.c ****   __HAL_RCC_GPIOB_CLK_ENABLE();
  78              		.loc 1 153 3 view .LVU15
  79              	.LBB6:
  80              		.loc 1 153 3 view .LVU16
  81              		.loc 1 153 3 view .LVU17
  82 0034 9A69     		ldr	r2, [r3, #24]
  83 0036 42F00802 		orr	r2, r2, #8
  84 003a 9A61     		str	r2, [r3, #24]
  85              		.loc 1 153 3 view .LVU18
  86 003c 9B69     		ldr	r3, [r3, #24]
  87 003e 03F00803 		and	r3, r3, #8
  88 0042 0393     		str	r3, [sp, #12]
  89              		.loc 1 153 3 view .LVU19
  90 0044 039B     		ldr	r3, [sp, #12]
  91              	.LBE6:
  92              		.loc 1 153 3 view .LVU20
 154:Core/Src/main.c **** 
 155:Core/Src/main.c ****   /*Configure GPIO pin Output Level */
 156:Core/Src/main.c ****   HAL_GPIO_WritePin(GPIOC, GPIO_PIN_13, GPIO_PIN_RESET);
  93              		.loc 1 156 3 view .LVU21
  94 0046 134E     		ldr	r6, .L3+4
  95 0048 2246     		mov	r2, r4
  96 004a 4FF40051 		mov	r1, #8192
  97 004e 3046     		mov	r0, r6
  98 0050 FFF7FEFF 		bl	HAL_GPIO_WritePin
  99              	.LVL0:
 157:Core/Src/main.c **** 
 158:Core/Src/main.c ****   /*Configure GPIO pin : PC13 */
 159:Core/Src/main.c ****   GPIO_InitStruct.Pin = GPIO_PIN_13;
 100              		.loc 1 159 3 view .LVU22
 101              		.loc 1 159 23 is_stmt 0 view .LVU23
 102 0054 4FF40053 		mov	r3, #8192
 103 0058 0493     		str	r3, [sp, #16]
 160:Core/Src/main.c ****   GPIO_InitStruct.Mode = GPIO_MODE_OUTPUT_PP;
 104              		.loc 1 160 3 is_stmt 1 view .LVU24
 105              		.loc 1 160 24 is_stmt 0 view .LVU25
 106 005a 0125     		movs	r5, #1
 107 005c 0595     		str	r5, [sp, #20]
 161:Core/Src/main.c ****   GPIO_InitStruct.Pull = GPIO_NOPULL;
 108              		.loc 1 161 3 is_stmt 1 view .LVU26
 109              		.loc 1 161 24 is_stmt 0 view .LVU27
 110 005e 0694     		str	r4, [sp, #24]
 162:Core/Src/main.c ****   GPIO_InitStruct.Speed = GPIO_SPEED_FREQ_LOW;
 111              		.loc 1 162 3 is_stmt 1 view .LVU28
 112              		.loc 1 162 25 is_stmt 0 view .LVU29
 113 0060 0223     		movs	r3, #2
 114 0062 0793     		str	r3, [sp, #28]
 163:Core/Src/main.c ****   HAL_GPIO_Init(GPIOC, &GPIO_InitStruct);
 115              		.loc 1 163 3 is_stmt 1 view .LVU30
 116 0064 04A9     		add	r1, sp, #16
 117 0066 3046     		mov	r0, r6
 118 0068 FFF7FEFF 		bl	HAL_GPIO_Init
 119              	.LVL1:
 164:Core/Src/main.c **** 
 165:Core/Src/main.c ****   /*Configure GPIO pin : PB0 */
 166:Core/Src/main.c ****   GPIO_InitStruct.Pin = GPIO_PIN_0;
 120              		.loc 1 166 3 view .LVU31
ARM GAS  /tmp/ccXgt8KQ.s 			page 6


 121              		.loc 1 166 23 is_stmt 0 view .LVU32
 122 006c 0495     		str	r5, [sp, #16]
 167:Core/Src/main.c ****   GPIO_InitStruct.Mode = GPIO_MODE_IT_FALLING;
 123              		.loc 1 167 3 is_stmt 1 view .LVU33
 124              		.loc 1 167 24 is_stmt 0 view .LVU34
 125 006e 0A4B     		ldr	r3, .L3+8
 126 0070 0593     		str	r3, [sp, #20]
 168:Core/Src/main.c ****   GPIO_InitStruct.Pull = GPIO_PULLUP;
 127              		.loc 1 168 3 is_stmt 1 view .LVU35
 128              		.loc 1 168 24 is_stmt 0 view .LVU36
 129 0072 0695     		str	r5, [sp, #24]
 169:Core/Src/main.c ****   HAL_GPIO_Init(GPIOB, &GPIO_InitStruct);
 130              		.loc 1 169 3 is_stmt 1 view .LVU37
 131 0074 04A9     		add	r1, sp, #16
 132 0076 0948     		ldr	r0, .L3+12
 133 0078 FFF7FEFF 		bl	HAL_GPIO_Init
 134              	.LVL2:
 170:Core/Src/main.c **** 
 171:Core/Src/main.c ****   /* EXTI interrupt init*/
 172:Core/Src/main.c ****   HAL_NVIC_SetPriority(EXTI0_IRQn, 0, 0);
 135              		.loc 1 172 3 view .LVU38
 136 007c 2246     		mov	r2, r4
 137 007e 2146     		mov	r1, r4
 138 0080 0620     		movs	r0, #6
 139 0082 FFF7FEFF 		bl	HAL_NVIC_SetPriority
 140              	.LVL3:
 173:Core/Src/main.c ****   HAL_NVIC_EnableIRQ(EXTI0_IRQn);
 141              		.loc 1 173 3 view .LVU39
 142 0086 0620     		movs	r0, #6
 143 0088 FFF7FEFF 		bl	HAL_NVIC_EnableIRQ
 144              	.LVL4:
 174:Core/Src/main.c **** 
 175:Core/Src/main.c **** }
 145              		.loc 1 175 1 is_stmt 0 view .LVU40
 146 008c 08B0     		add	sp, sp, #32
 147              	.LCFI2:
 148              		.cfi_def_cfa_offset 16
 149              		@ sp needed
 150 008e 70BD     		pop	{r4, r5, r6, pc}
 151              	.L4:
 152              		.align	2
 153              	.L3:
 154 0090 00100240 		.word	1073876992
 155 0094 00100140 		.word	1073811456
 156 0098 00002110 		.word	270598144
 157 009c 000C0140 		.word	1073810432
 158              		.cfi_endproc
 159              	.LFE67:
 161              		.section	.text.Error_Handler,"ax",%progbits
 162              		.align	1
 163              		.global	Error_Handler
 164              		.syntax unified
 165              		.thumb
 166              		.thumb_func
 167              		.fpu softvfp
 169              	Error_Handler:
 170              	.LFB68:
ARM GAS  /tmp/ccXgt8KQ.s 			page 7


 176:Core/Src/main.c **** 
 177:Core/Src/main.c **** /* USER CODE BEGIN 4 */
 178:Core/Src/main.c **** 
 179:Core/Src/main.c **** /* USER CODE END 4 */
 180:Core/Src/main.c **** 
 181:Core/Src/main.c **** /**
 182:Core/Src/main.c ****   * @brief  This function is executed in case of error occurrence.
 183:Core/Src/main.c ****   * @retval None
 184:Core/Src/main.c ****   */
 185:Core/Src/main.c **** void Error_Handler(void)
 186:Core/Src/main.c **** {
 171              		.loc 1 186 1 is_stmt 1 view -0
 172              		.cfi_startproc
 173              		@ Volatile: function does not return.
 174              		@ args = 0, pretend = 0, frame = 0
 175              		@ frame_needed = 0, uses_anonymous_args = 0
 176              		@ link register save eliminated.
 187:Core/Src/main.c ****   /* USER CODE BEGIN Error_Handler_Debug */
 188:Core/Src/main.c ****   /* User can add his own implementation to report the HAL error return state */
 189:Core/Src/main.c ****   __disable_irq();
 177              		.loc 1 189 3 view .LVU42
 178              	.LBB7:
 179              	.LBI7:
 180              		.file 2 "Drivers/CMSIS/Include/cmsis_gcc.h"
   1:Drivers/CMSIS/Include/cmsis_gcc.h **** /**************************************************************************//**
   2:Drivers/CMSIS/Include/cmsis_gcc.h ****  * @file     cmsis_gcc.h
   3:Drivers/CMSIS/Include/cmsis_gcc.h ****  * @brief    CMSIS compiler GCC header file
   4:Drivers/CMSIS/Include/cmsis_gcc.h ****  * @version  V5.0.4
   5:Drivers/CMSIS/Include/cmsis_gcc.h ****  * @date     09. April 2018
   6:Drivers/CMSIS/Include/cmsis_gcc.h ****  ******************************************************************************/
   7:Drivers/CMSIS/Include/cmsis_gcc.h **** /*
   8:Drivers/CMSIS/Include/cmsis_gcc.h ****  * Copyright (c) 2009-2018 Arm Limited. All rights reserved.
   9:Drivers/CMSIS/Include/cmsis_gcc.h ****  *
  10:Drivers/CMSIS/Include/cmsis_gcc.h ****  * SPDX-License-Identifier: Apache-2.0
  11:Drivers/CMSIS/Include/cmsis_gcc.h ****  *
  12:Drivers/CMSIS/Include/cmsis_gcc.h ****  * Licensed under the Apache License, Version 2.0 (the License); you may
  13:Drivers/CMSIS/Include/cmsis_gcc.h ****  * not use this file except in compliance with the License.
  14:Drivers/CMSIS/Include/cmsis_gcc.h ****  * You may obtain a copy of the License at
  15:Drivers/CMSIS/Include/cmsis_gcc.h ****  *
  16:Drivers/CMSIS/Include/cmsis_gcc.h ****  * www.apache.org/licenses/LICENSE-2.0
  17:Drivers/CMSIS/Include/cmsis_gcc.h ****  *
  18:Drivers/CMSIS/Include/cmsis_gcc.h ****  * Unless required by applicable law or agreed to in writing, software
  19:Drivers/CMSIS/Include/cmsis_gcc.h ****  * distributed under the License is distributed on an AS IS BASIS, WITHOUT
  20:Drivers/CMSIS/Include/cmsis_gcc.h ****  * WARRANTIES OR CONDITIONS OF ANY KIND, either express or implied.
  21:Drivers/CMSIS/Include/cmsis_gcc.h ****  * See the License for the specific language governing permissions and
  22:Drivers/CMSIS/Include/cmsis_gcc.h ****  * limitations under the License.
  23:Drivers/CMSIS/Include/cmsis_gcc.h ****  */
  24:Drivers/CMSIS/Include/cmsis_gcc.h **** 
  25:Drivers/CMSIS/Include/cmsis_gcc.h **** #ifndef __CMSIS_GCC_H
  26:Drivers/CMSIS/Include/cmsis_gcc.h **** #define __CMSIS_GCC_H
  27:Drivers/CMSIS/Include/cmsis_gcc.h **** 
  28:Drivers/CMSIS/Include/cmsis_gcc.h **** /* ignore some GCC warnings */
  29:Drivers/CMSIS/Include/cmsis_gcc.h **** #pragma GCC diagnostic push
  30:Drivers/CMSIS/Include/cmsis_gcc.h **** #pragma GCC diagnostic ignored "-Wsign-conversion"
  31:Drivers/CMSIS/Include/cmsis_gcc.h **** #pragma GCC diagnostic ignored "-Wconversion"
  32:Drivers/CMSIS/Include/cmsis_gcc.h **** #pragma GCC diagnostic ignored "-Wunused-parameter"
  33:Drivers/CMSIS/Include/cmsis_gcc.h **** 
ARM GAS  /tmp/ccXgt8KQ.s 			page 8


  34:Drivers/CMSIS/Include/cmsis_gcc.h **** /* Fallback for __has_builtin */
  35:Drivers/CMSIS/Include/cmsis_gcc.h **** #ifndef __has_builtin
  36:Drivers/CMSIS/Include/cmsis_gcc.h ****   #define __has_builtin(x) (0)
  37:Drivers/CMSIS/Include/cmsis_gcc.h **** #endif
  38:Drivers/CMSIS/Include/cmsis_gcc.h **** 
  39:Drivers/CMSIS/Include/cmsis_gcc.h **** /* CMSIS compiler specific defines */
  40:Drivers/CMSIS/Include/cmsis_gcc.h **** #ifndef   __ASM
  41:Drivers/CMSIS/Include/cmsis_gcc.h ****   #define __ASM                                  __asm
  42:Drivers/CMSIS/Include/cmsis_gcc.h **** #endif
  43:Drivers/CMSIS/Include/cmsis_gcc.h **** #ifndef   __INLINE
  44:Drivers/CMSIS/Include/cmsis_gcc.h ****   #define __INLINE                               inline
  45:Drivers/CMSIS/Include/cmsis_gcc.h **** #endif
  46:Drivers/CMSIS/Include/cmsis_gcc.h **** #ifndef   __STATIC_INLINE
  47:Drivers/CMSIS/Include/cmsis_gcc.h ****   #define __STATIC_INLINE                        static inline
  48:Drivers/CMSIS/Include/cmsis_gcc.h **** #endif
  49:Drivers/CMSIS/Include/cmsis_gcc.h **** #ifndef   __STATIC_FORCEINLINE                 
  50:Drivers/CMSIS/Include/cmsis_gcc.h ****   #define __STATIC_FORCEINLINE                   __attribute__((always_inline)) static inline
  51:Drivers/CMSIS/Include/cmsis_gcc.h **** #endif                                           
  52:Drivers/CMSIS/Include/cmsis_gcc.h **** #ifndef   __NO_RETURN
  53:Drivers/CMSIS/Include/cmsis_gcc.h ****   #define __NO_RETURN                            __attribute__((__noreturn__))
  54:Drivers/CMSIS/Include/cmsis_gcc.h **** #endif
  55:Drivers/CMSIS/Include/cmsis_gcc.h **** #ifndef   __USED
  56:Drivers/CMSIS/Include/cmsis_gcc.h ****   #define __USED                                 __attribute__((used))
  57:Drivers/CMSIS/Include/cmsis_gcc.h **** #endif
  58:Drivers/CMSIS/Include/cmsis_gcc.h **** #ifndef   __WEAK
  59:Drivers/CMSIS/Include/cmsis_gcc.h ****   #define __WEAK                                 __attribute__((weak))
  60:Drivers/CMSIS/Include/cmsis_gcc.h **** #endif
  61:Drivers/CMSIS/Include/cmsis_gcc.h **** #ifndef   __PACKED
  62:Drivers/CMSIS/Include/cmsis_gcc.h ****   #define __PACKED                               __attribute__((packed, aligned(1)))
  63:Drivers/CMSIS/Include/cmsis_gcc.h **** #endif
  64:Drivers/CMSIS/Include/cmsis_gcc.h **** #ifndef   __PACKED_STRUCT
  65:Drivers/CMSIS/Include/cmsis_gcc.h ****   #define __PACKED_STRUCT                        struct __attribute__((packed, aligned(1)))
  66:Drivers/CMSIS/Include/cmsis_gcc.h **** #endif
  67:Drivers/CMSIS/Include/cmsis_gcc.h **** #ifndef   __PACKED_UNION
  68:Drivers/CMSIS/Include/cmsis_gcc.h ****   #define __PACKED_UNION                         union __attribute__((packed, aligned(1)))
  69:Drivers/CMSIS/Include/cmsis_gcc.h **** #endif
  70:Drivers/CMSIS/Include/cmsis_gcc.h **** #ifndef   __UNALIGNED_UINT32        /* deprecated */
  71:Drivers/CMSIS/Include/cmsis_gcc.h ****   #pragma GCC diagnostic push
  72:Drivers/CMSIS/Include/cmsis_gcc.h ****   #pragma GCC diagnostic ignored "-Wpacked"
  73:Drivers/CMSIS/Include/cmsis_gcc.h ****   #pragma GCC diagnostic ignored "-Wattributes"
  74:Drivers/CMSIS/Include/cmsis_gcc.h ****   struct __attribute__((packed)) T_UINT32 { uint32_t v; };
  75:Drivers/CMSIS/Include/cmsis_gcc.h ****   #pragma GCC diagnostic pop
  76:Drivers/CMSIS/Include/cmsis_gcc.h ****   #define __UNALIGNED_UINT32(x)                  (((struct T_UINT32 *)(x))->v)
  77:Drivers/CMSIS/Include/cmsis_gcc.h **** #endif
  78:Drivers/CMSIS/Include/cmsis_gcc.h **** #ifndef   __UNALIGNED_UINT16_WRITE
  79:Drivers/CMSIS/Include/cmsis_gcc.h ****   #pragma GCC diagnostic push
  80:Drivers/CMSIS/Include/cmsis_gcc.h ****   #pragma GCC diagnostic ignored "-Wpacked"
  81:Drivers/CMSIS/Include/cmsis_gcc.h ****   #pragma GCC diagnostic ignored "-Wattributes"
  82:Drivers/CMSIS/Include/cmsis_gcc.h ****   __PACKED_STRUCT T_UINT16_WRITE { uint16_t v; };
  83:Drivers/CMSIS/Include/cmsis_gcc.h ****   #pragma GCC diagnostic pop
  84:Drivers/CMSIS/Include/cmsis_gcc.h ****   #define __UNALIGNED_UINT16_WRITE(addr, val)    (void)((((struct T_UINT16_WRITE *)(void *)(addr))-
  85:Drivers/CMSIS/Include/cmsis_gcc.h **** #endif
  86:Drivers/CMSIS/Include/cmsis_gcc.h **** #ifndef   __UNALIGNED_UINT16_READ
  87:Drivers/CMSIS/Include/cmsis_gcc.h ****   #pragma GCC diagnostic push
  88:Drivers/CMSIS/Include/cmsis_gcc.h ****   #pragma GCC diagnostic ignored "-Wpacked"
  89:Drivers/CMSIS/Include/cmsis_gcc.h ****   #pragma GCC diagnostic ignored "-Wattributes"
  90:Drivers/CMSIS/Include/cmsis_gcc.h ****   __PACKED_STRUCT T_UINT16_READ { uint16_t v; };
ARM GAS  /tmp/ccXgt8KQ.s 			page 9


  91:Drivers/CMSIS/Include/cmsis_gcc.h ****   #pragma GCC diagnostic pop
  92:Drivers/CMSIS/Include/cmsis_gcc.h ****   #define __UNALIGNED_UINT16_READ(addr)          (((const struct T_UINT16_READ *)(const void *)(add
  93:Drivers/CMSIS/Include/cmsis_gcc.h **** #endif
  94:Drivers/CMSIS/Include/cmsis_gcc.h **** #ifndef   __UNALIGNED_UINT32_WRITE
  95:Drivers/CMSIS/Include/cmsis_gcc.h ****   #pragma GCC diagnostic push
  96:Drivers/CMSIS/Include/cmsis_gcc.h ****   #pragma GCC diagnostic ignored "-Wpacked"
  97:Drivers/CMSIS/Include/cmsis_gcc.h ****   #pragma GCC diagnostic ignored "-Wattributes"
  98:Drivers/CMSIS/Include/cmsis_gcc.h ****   __PACKED_STRUCT T_UINT32_WRITE { uint32_t v; };
  99:Drivers/CMSIS/Include/cmsis_gcc.h ****   #pragma GCC diagnostic pop
 100:Drivers/CMSIS/Include/cmsis_gcc.h ****   #define __UNALIGNED_UINT32_WRITE(addr, val)    (void)((((struct T_UINT32_WRITE *)(void *)(addr))-
 101:Drivers/CMSIS/Include/cmsis_gcc.h **** #endif
 102:Drivers/CMSIS/Include/cmsis_gcc.h **** #ifndef   __UNALIGNED_UINT32_READ
 103:Drivers/CMSIS/Include/cmsis_gcc.h ****   #pragma GCC diagnostic push
 104:Drivers/CMSIS/Include/cmsis_gcc.h ****   #pragma GCC diagnostic ignored "-Wpacked"
 105:Drivers/CMSIS/Include/cmsis_gcc.h ****   #pragma GCC diagnostic ignored "-Wattributes"
 106:Drivers/CMSIS/Include/cmsis_gcc.h ****   __PACKED_STRUCT T_UINT32_READ { uint32_t v; };
 107:Drivers/CMSIS/Include/cmsis_gcc.h ****   #pragma GCC diagnostic pop
 108:Drivers/CMSIS/Include/cmsis_gcc.h ****   #define __UNALIGNED_UINT32_READ(addr)          (((const struct T_UINT32_READ *)(const void *)(add
 109:Drivers/CMSIS/Include/cmsis_gcc.h **** #endif
 110:Drivers/CMSIS/Include/cmsis_gcc.h **** #ifndef   __ALIGNED
 111:Drivers/CMSIS/Include/cmsis_gcc.h ****   #define __ALIGNED(x)                           __attribute__((aligned(x)))
 112:Drivers/CMSIS/Include/cmsis_gcc.h **** #endif
 113:Drivers/CMSIS/Include/cmsis_gcc.h **** #ifndef   __RESTRICT
 114:Drivers/CMSIS/Include/cmsis_gcc.h ****   #define __RESTRICT                             __restrict
 115:Drivers/CMSIS/Include/cmsis_gcc.h **** #endif
 116:Drivers/CMSIS/Include/cmsis_gcc.h **** 
 117:Drivers/CMSIS/Include/cmsis_gcc.h **** 
 118:Drivers/CMSIS/Include/cmsis_gcc.h **** /* ###########################  Core Function Access  ########################### */
 119:Drivers/CMSIS/Include/cmsis_gcc.h **** /** \ingroup  CMSIS_Core_FunctionInterface
 120:Drivers/CMSIS/Include/cmsis_gcc.h ****     \defgroup CMSIS_Core_RegAccFunctions CMSIS Core Register Access Functions
 121:Drivers/CMSIS/Include/cmsis_gcc.h ****   @{
 122:Drivers/CMSIS/Include/cmsis_gcc.h ****  */
 123:Drivers/CMSIS/Include/cmsis_gcc.h **** 
 124:Drivers/CMSIS/Include/cmsis_gcc.h **** /**
 125:Drivers/CMSIS/Include/cmsis_gcc.h ****   \brief   Enable IRQ Interrupts
 126:Drivers/CMSIS/Include/cmsis_gcc.h ****   \details Enables IRQ interrupts by clearing the I-bit in the CPSR.
 127:Drivers/CMSIS/Include/cmsis_gcc.h ****            Can only be executed in Privileged modes.
 128:Drivers/CMSIS/Include/cmsis_gcc.h ****  */
 129:Drivers/CMSIS/Include/cmsis_gcc.h **** __STATIC_FORCEINLINE void __enable_irq(void)
 130:Drivers/CMSIS/Include/cmsis_gcc.h **** {
 131:Drivers/CMSIS/Include/cmsis_gcc.h ****   __ASM volatile ("cpsie i" : : : "memory");
 132:Drivers/CMSIS/Include/cmsis_gcc.h **** }
 133:Drivers/CMSIS/Include/cmsis_gcc.h **** 
 134:Drivers/CMSIS/Include/cmsis_gcc.h **** 
 135:Drivers/CMSIS/Include/cmsis_gcc.h **** /**
 136:Drivers/CMSIS/Include/cmsis_gcc.h ****   \brief   Disable IRQ Interrupts
 137:Drivers/CMSIS/Include/cmsis_gcc.h ****   \details Disables IRQ interrupts by setting the I-bit in the CPSR.
 138:Drivers/CMSIS/Include/cmsis_gcc.h ****            Can only be executed in Privileged modes.
 139:Drivers/CMSIS/Include/cmsis_gcc.h ****  */
 140:Drivers/CMSIS/Include/cmsis_gcc.h **** __STATIC_FORCEINLINE void __disable_irq(void)
 181              		.loc 2 140 27 view .LVU43
 182              	.LBB8:
 141:Drivers/CMSIS/Include/cmsis_gcc.h **** {
 142:Drivers/CMSIS/Include/cmsis_gcc.h ****   __ASM volatile ("cpsid i" : : : "memory");
 183              		.loc 2 142 3 view .LVU44
 184              		.syntax unified
 185              	@ 142 "Drivers/CMSIS/Include/cmsis_gcc.h" 1
ARM GAS  /tmp/ccXgt8KQ.s 			page 10


 186 0000 72B6     		cpsid i
 187              	@ 0 "" 2
 188              		.thumb
 189              		.syntax unified
 190              	.L6:
 191              	.LBE8:
 192              	.LBE7:
 190:Core/Src/main.c ****   while (1)
 193              		.loc 1 190 3 discriminator 1 view .LVU45
 191:Core/Src/main.c ****   {
 192:Core/Src/main.c ****   }
 194              		.loc 1 192 3 discriminator 1 view .LVU46
 190:Core/Src/main.c ****   while (1)
 195              		.loc 1 190 9 discriminator 1 view .LVU47
 196 0002 FEE7     		b	.L6
 197              		.cfi_endproc
 198              	.LFE68:
 200              		.section	.text.SystemClock_Config,"ax",%progbits
 201              		.align	1
 202              		.global	SystemClock_Config
 203              		.syntax unified
 204              		.thumb
 205              		.thumb_func
 206              		.fpu softvfp
 208              	SystemClock_Config:
 209              	.LFB66:
 107:Core/Src/main.c ****   RCC_OscInitTypeDef RCC_OscInitStruct = {0};
 210              		.loc 1 107 1 view -0
 211              		.cfi_startproc
 212              		@ args = 0, pretend = 0, frame = 64
 213              		@ frame_needed = 0, uses_anonymous_args = 0
 214 0000 00B5     		push	{lr}
 215              	.LCFI3:
 216              		.cfi_def_cfa_offset 4
 217              		.cfi_offset 14, -4
 218 0002 91B0     		sub	sp, sp, #68
 219              	.LCFI4:
 220              		.cfi_def_cfa_offset 72
 108:Core/Src/main.c ****   RCC_ClkInitTypeDef RCC_ClkInitStruct = {0};
 221              		.loc 1 108 3 view .LVU49
 108:Core/Src/main.c ****   RCC_ClkInitTypeDef RCC_ClkInitStruct = {0};
 222              		.loc 1 108 22 is_stmt 0 view .LVU50
 223 0004 2822     		movs	r2, #40
 224 0006 0021     		movs	r1, #0
 225 0008 06A8     		add	r0, sp, #24
 226 000a FFF7FEFF 		bl	memset
 227              	.LVL5:
 109:Core/Src/main.c **** 
 228              		.loc 1 109 3 is_stmt 1 view .LVU51
 109:Core/Src/main.c **** 
 229              		.loc 1 109 22 is_stmt 0 view .LVU52
 230 000e 0023     		movs	r3, #0
 231 0010 0193     		str	r3, [sp, #4]
 232 0012 0293     		str	r3, [sp, #8]
 233 0014 0393     		str	r3, [sp, #12]
 234 0016 0493     		str	r3, [sp, #16]
 235 0018 0593     		str	r3, [sp, #20]
ARM GAS  /tmp/ccXgt8KQ.s 			page 11


 114:Core/Src/main.c ****   RCC_OscInitStruct.HSEState = RCC_HSE_ON;
 236              		.loc 1 114 3 is_stmt 1 view .LVU53
 114:Core/Src/main.c ****   RCC_OscInitStruct.HSEState = RCC_HSE_ON;
 237              		.loc 1 114 36 is_stmt 0 view .LVU54
 238 001a 0122     		movs	r2, #1
 239 001c 0692     		str	r2, [sp, #24]
 115:Core/Src/main.c ****   RCC_OscInitStruct.HSEPredivValue = RCC_HSE_PREDIV_DIV1;
 240              		.loc 1 115 3 is_stmt 1 view .LVU55
 115:Core/Src/main.c ****   RCC_OscInitStruct.HSEPredivValue = RCC_HSE_PREDIV_DIV1;
 241              		.loc 1 115 30 is_stmt 0 view .LVU56
 242 001e 4FF48033 		mov	r3, #65536
 243 0022 0793     		str	r3, [sp, #28]
 116:Core/Src/main.c ****   RCC_OscInitStruct.HSIState = RCC_HSI_ON;
 244              		.loc 1 116 3 is_stmt 1 view .LVU57
 117:Core/Src/main.c ****   RCC_OscInitStruct.PLL.PLLState = RCC_PLL_ON;
 245              		.loc 1 117 3 view .LVU58
 117:Core/Src/main.c ****   RCC_OscInitStruct.PLL.PLLState = RCC_PLL_ON;
 246              		.loc 1 117 30 is_stmt 0 view .LVU59
 247 0024 0A92     		str	r2, [sp, #40]
 118:Core/Src/main.c ****   RCC_OscInitStruct.PLL.PLLSource = RCC_PLLSOURCE_HSE;
 248              		.loc 1 118 3 is_stmt 1 view .LVU60
 118:Core/Src/main.c ****   RCC_OscInitStruct.PLL.PLLSource = RCC_PLLSOURCE_HSE;
 249              		.loc 1 118 34 is_stmt 0 view .LVU61
 250 0026 0222     		movs	r2, #2
 251 0028 0D92     		str	r2, [sp, #52]
 119:Core/Src/main.c ****   RCC_OscInitStruct.PLL.PLLMUL = RCC_PLL_MUL9;
 252              		.loc 1 119 3 is_stmt 1 view .LVU62
 119:Core/Src/main.c ****   RCC_OscInitStruct.PLL.PLLMUL = RCC_PLL_MUL9;
 253              		.loc 1 119 35 is_stmt 0 view .LVU63
 254 002a 0E93     		str	r3, [sp, #56]
 120:Core/Src/main.c ****   if (HAL_RCC_OscConfig(&RCC_OscInitStruct) != HAL_OK)
 255              		.loc 1 120 3 is_stmt 1 view .LVU64
 120:Core/Src/main.c ****   if (HAL_RCC_OscConfig(&RCC_OscInitStruct) != HAL_OK)
 256              		.loc 1 120 32 is_stmt 0 view .LVU65
 257 002c 4FF4E013 		mov	r3, #1835008
 258 0030 0F93     		str	r3, [sp, #60]
 121:Core/Src/main.c ****   {
 259              		.loc 1 121 3 is_stmt 1 view .LVU66
 121:Core/Src/main.c ****   {
 260              		.loc 1 121 7 is_stmt 0 view .LVU67
 261 0032 06A8     		add	r0, sp, #24
 262 0034 FFF7FEFF 		bl	HAL_RCC_OscConfig
 263              	.LVL6:
 121:Core/Src/main.c ****   {
 264              		.loc 1 121 6 view .LVU68
 265 0038 80B9     		cbnz	r0, .L11
 128:Core/Src/main.c ****                               |RCC_CLOCKTYPE_PCLK1|RCC_CLOCKTYPE_PCLK2;
 266              		.loc 1 128 3 is_stmt 1 view .LVU69
 128:Core/Src/main.c ****                               |RCC_CLOCKTYPE_PCLK1|RCC_CLOCKTYPE_PCLK2;
 267              		.loc 1 128 31 is_stmt 0 view .LVU70
 268 003a 0F23     		movs	r3, #15
 269 003c 0193     		str	r3, [sp, #4]
 130:Core/Src/main.c ****   RCC_ClkInitStruct.AHBCLKDivider = RCC_SYSCLK_DIV1;
 270              		.loc 1 130 3 is_stmt 1 view .LVU71
 130:Core/Src/main.c ****   RCC_ClkInitStruct.AHBCLKDivider = RCC_SYSCLK_DIV1;
 271              		.loc 1 130 34 is_stmt 0 view .LVU72
 272 003e 0221     		movs	r1, #2
ARM GAS  /tmp/ccXgt8KQ.s 			page 12


 273 0040 0291     		str	r1, [sp, #8]
 131:Core/Src/main.c ****   RCC_ClkInitStruct.APB1CLKDivider = RCC_HCLK_DIV2;
 274              		.loc 1 131 3 is_stmt 1 view .LVU73
 131:Core/Src/main.c ****   RCC_ClkInitStruct.APB1CLKDivider = RCC_HCLK_DIV2;
 275              		.loc 1 131 35 is_stmt 0 view .LVU74
 276 0042 0023     		movs	r3, #0
 277 0044 0393     		str	r3, [sp, #12]
 132:Core/Src/main.c ****   RCC_ClkInitStruct.APB2CLKDivider = RCC_HCLK_DIV1;
 278              		.loc 1 132 3 is_stmt 1 view .LVU75
 132:Core/Src/main.c ****   RCC_ClkInitStruct.APB2CLKDivider = RCC_HCLK_DIV1;
 279              		.loc 1 132 36 is_stmt 0 view .LVU76
 280 0046 4FF48062 		mov	r2, #1024
 281 004a 0492     		str	r2, [sp, #16]
 133:Core/Src/main.c **** 
 282              		.loc 1 133 3 is_stmt 1 view .LVU77
 133:Core/Src/main.c **** 
 283              		.loc 1 133 36 is_stmt 0 view .LVU78
 284 004c 0593     		str	r3, [sp, #20]
 135:Core/Src/main.c ****   {
 285              		.loc 1 135 3 is_stmt 1 view .LVU79
 135:Core/Src/main.c ****   {
 286              		.loc 1 135 7 is_stmt 0 view .LVU80
 287 004e 01A8     		add	r0, sp, #4
 288 0050 FFF7FEFF 		bl	HAL_RCC_ClockConfig
 289              	.LVL7:
 135:Core/Src/main.c ****   {
 290              		.loc 1 135 6 view .LVU81
 291 0054 20B9     		cbnz	r0, .L12
 139:Core/Src/main.c **** 
 292              		.loc 1 139 1 view .LVU82
 293 0056 11B0     		add	sp, sp, #68
 294              	.LCFI5:
 295              		.cfi_remember_state
 296              		.cfi_def_cfa_offset 4
 297              		@ sp needed
 298 0058 5DF804FB 		ldr	pc, [sp], #4
 299              	.L11:
 300              	.LCFI6:
 301              		.cfi_restore_state
 123:Core/Src/main.c ****   }
 302              		.loc 1 123 5 is_stmt 1 view .LVU83
 303 005c FFF7FEFF 		bl	Error_Handler
 304              	.LVL8:
 305              	.L12:
 137:Core/Src/main.c ****   }
 306              		.loc 1 137 5 view .LVU84
 307 0060 FFF7FEFF 		bl	Error_Handler
 308              	.LVL9:
 309              		.cfi_endproc
 310              	.LFE66:
 312              		.section	.text.main,"ax",%progbits
 313              		.align	1
 314              		.global	main
 315              		.syntax unified
 316              		.thumb
 317              		.thumb_func
 318              		.fpu softvfp
ARM GAS  /tmp/ccXgt8KQ.s 			page 13


 320              	main:
 321              	.LFB65:
  64:Core/Src/main.c ****   /* USER CODE BEGIN 1 */
 322              		.loc 1 64 1 view -0
 323              		.cfi_startproc
 324              		@ Volatile: function does not return.
 325              		@ args = 0, pretend = 0, frame = 0
 326              		@ frame_needed = 0, uses_anonymous_args = 0
 327 0000 08B5     		push	{r3, lr}
 328              	.LCFI7:
 329              		.cfi_def_cfa_offset 8
 330              		.cfi_offset 3, -8
 331              		.cfi_offset 14, -4
  72:Core/Src/main.c **** 
 332              		.loc 1 72 3 view .LVU86
 333 0002 FFF7FEFF 		bl	HAL_Init
 334              	.LVL10:
  79:Core/Src/main.c **** 
 335              		.loc 1 79 3 view .LVU87
 336 0006 FFF7FEFF 		bl	SystemClock_Config
 337              	.LVL11:
  86:Core/Src/main.c ****   /* USER CODE BEGIN 2 */
 338              		.loc 1 86 3 view .LVU88
 339 000a FFF7FEFF 		bl	MX_GPIO_Init
 340              	.LVL12:
 341              	.L14:
  93:Core/Src/main.c ****   {
 342              		.loc 1 93 3 discriminator 1 view .LVU89
  98:Core/Src/main.c ****   /* USER CODE END 3 */
 343              		.loc 1 98 3 discriminator 1 view .LVU90
  93:Core/Src/main.c ****   {
 344              		.loc 1 93 9 discriminator 1 view .LVU91
 345 000e FEE7     		b	.L14
 346              		.cfi_endproc
 347              	.LFE65:
 349              		.text
 350              	.Letext0:
 351              		.file 3 "/usr/arm-none-eabi/include/machine/_default_types.h"
 352              		.file 4 "/usr/arm-none-eabi/include/sys/_stdint.h"
 353              		.file 5 "Drivers/CMSIS/Device/ST/STM32F1xx/Include/stm32f103xb.h"
 354              		.file 6 "Drivers/STM32F1xx_HAL_Driver/Inc/stm32f1xx_hal_def.h"
 355              		.file 7 "Drivers/STM32F1xx_HAL_Driver/Inc/stm32f1xx_hal_rcc.h"
 356              		.file 8 "Drivers/STM32F1xx_HAL_Driver/Inc/stm32f1xx_hal_rcc_ex.h"
 357              		.file 9 "Drivers/STM32F1xx_HAL_Driver/Inc/stm32f1xx_hal_gpio.h"
 358              		.file 10 "Drivers/STM32F1xx_HAL_Driver/Inc/stm32f1xx_hal_cortex.h"
 359              		.file 11 "Drivers/STM32F1xx_HAL_Driver/Inc/stm32f1xx_hal.h"
 360              		.file 12 "<built-in>"
ARM GAS  /tmp/ccXgt8KQ.s 			page 14


DEFINED SYMBOLS
                            *ABS*:0000000000000000 main.c
     /tmp/ccXgt8KQ.s:16     .text.MX_GPIO_Init:0000000000000000 $t
     /tmp/ccXgt8KQ.s:23     .text.MX_GPIO_Init:0000000000000000 MX_GPIO_Init
     /tmp/ccXgt8KQ.s:154    .text.MX_GPIO_Init:0000000000000090 $d
     /tmp/ccXgt8KQ.s:162    .text.Error_Handler:0000000000000000 $t
     /tmp/ccXgt8KQ.s:169    .text.Error_Handler:0000000000000000 Error_Handler
     /tmp/ccXgt8KQ.s:201    .text.SystemClock_Config:0000000000000000 $t
     /tmp/ccXgt8KQ.s:208    .text.SystemClock_Config:0000000000000000 SystemClock_Config
     /tmp/ccXgt8KQ.s:313    .text.main:0000000000000000 $t
     /tmp/ccXgt8KQ.s:320    .text.main:0000000000000000 main

UNDEFINED SYMBOLS
HAL_GPIO_WritePin
HAL_GPIO_Init
HAL_NVIC_SetPriority
HAL_NVIC_EnableIRQ
memset
HAL_RCC_OscConfig
HAL_RCC_ClockConfig
HAL_Init
